<?xml version="1.0" encoding="UTF-8"?>
<testsuite name="com.smart.service.UserServiceTest" tests="1" skipped="0" failures="1" errors="0" timestamp="2019-05-06T03:12:39" hostname="Eugene.lan" time="0.0">
  <properties/>
  <testcase name="register" classname="com.smart.service.UserServiceTest" time="0.0">
    <failure message="java.lang.IllegalStateException: Failed to load ApplicationContext" type="java.lang.IllegalStateException">java.lang.IllegalStateException: Failed to load ApplicationContext
	at org.springframework.test.context.cache.DefaultCacheAwareContextLoaderDelegate.loadContext(DefaultCacheAwareContextLoaderDelegate.java:124)
	at org.springframework.test.context.support.DefaultTestContext.getApplicationContext(DefaultTestContext.java:83)
	at org.springframework.test.context.support.DependencyInjectionTestExecutionListener.injectDependencies(DependencyInjectionTestExecutionListener.java:117)
	at org.springframework.test.context.support.DependencyInjectionTestExecutionListener.prepareTestInstance(DependencyInjectionTestExecutionListener.java:83)
	at org.springframework.test.context.TestContextManager.prepareTestInstance(TestContextManager.java:228)
	at org.springframework.test.context.junit4.SpringJUnit4ClassRunner.createTest(SpringJUnit4ClassRunner.java:230)
	at org.springframework.test.context.junit4.SpringJUnit4ClassRunner$1.runReflectiveCall(SpringJUnit4ClassRunner.java:289)
	at org.junit.internal.runners.model.ReflectiveCallable.run(ReflectiveCallable.java:12)
	at org.springframework.test.context.junit4.SpringJUnit4ClassRunner.methodBlock(SpringJUnit4ClassRunner.java:291)
	at org.springframework.test.context.junit4.SpringJUnit4ClassRunner.runChild(SpringJUnit4ClassRunner.java:249)
	at org.springframework.test.context.junit4.SpringJUnit4ClassRunner.runChild(SpringJUnit4ClassRunner.java:89)
	at org.junit.runners.ParentRunner$3.run(ParentRunner.java:290)
	at org.junit.runners.ParentRunner$1.schedule(ParentRunner.java:71)
	at org.junit.runners.ParentRunner.runChildren(ParentRunner.java:288)
	at org.junit.runners.ParentRunner.access$000(ParentRunner.java:58)
	at org.junit.runners.ParentRunner$2.evaluate(ParentRunner.java:268)
	at org.springframework.test.context.junit4.statements.RunBeforeTestClassCallbacks.evaluate(RunBeforeTestClassCallbacks.java:61)
	at org.springframework.test.context.junit4.statements.RunAfterTestClassCallbacks.evaluate(RunAfterTestClassCallbacks.java:70)
	at org.junit.runners.ParentRunner.run(ParentRunner.java:363)
	at org.springframework.test.context.junit4.SpringJUnit4ClassRunner.run(SpringJUnit4ClassRunner.java:193)
	at org.gradle.api.internal.tasks.testing.junit.JUnitTestClassExecutor.runTestClass(JUnitTestClassExecutor.java:106)
	at org.gradle.api.internal.tasks.testing.junit.JUnitTestClassExecutor.execute(JUnitTestClassExecutor.java:58)
	at org.gradle.api.internal.tasks.testing.junit.JUnitTestClassExecutor.execute(JUnitTestClassExecutor.java:38)
	at org.gradle.api.internal.tasks.testing.junit.AbstractJUnitTestClassProcessor.processTestClass(AbstractJUnitTestClassProcessor.java:66)
	at org.gradle.api.internal.tasks.testing.SuiteTestClassProcessor.processTestClass(SuiteTestClassProcessor.java:51)
	at sun.reflect.NativeMethodAccessorImpl.invoke0(Native Method)
	at sun.reflect.NativeMethodAccessorImpl.invoke(NativeMethodAccessorImpl.java:62)
	at sun.reflect.DelegatingMethodAccessorImpl.invoke(DelegatingMethodAccessorImpl.java:43)
	at java.lang.reflect.Method.invoke(Method.java:498)
	at org.gradle.internal.dispatch.ReflectionDispatch.dispatch(ReflectionDispatch.java:35)
	at org.gradle.internal.dispatch.ReflectionDispatch.dispatch(ReflectionDispatch.java:24)
	at org.gradle.internal.dispatch.ContextClassLoaderDispatch.dispatch(ContextClassLoaderDispatch.java:32)
	at org.gradle.internal.dispatch.ProxyDispatchAdapter$DispatchingInvocationHandler.invoke(ProxyDispatchAdapter.java:93)
	at com.sun.proxy.$Proxy2.processTestClass(Unknown Source)
	at org.gradle.api.internal.tasks.testing.worker.TestWorker.processTestClass(TestWorker.java:117)
	at sun.reflect.NativeMethodAccessorImpl.invoke0(Native Method)
	at sun.reflect.NativeMethodAccessorImpl.invoke(NativeMethodAccessorImpl.java:62)
	at sun.reflect.DelegatingMethodAccessorImpl.invoke(DelegatingMethodAccessorImpl.java:43)
	at java.lang.reflect.Method.invoke(Method.java:498)
	at org.gradle.internal.dispatch.ReflectionDispatch.dispatch(ReflectionDispatch.java:35)
	at org.gradle.internal.dispatch.ReflectionDispatch.dispatch(ReflectionDispatch.java:24)
	at org.gradle.internal.remote.internal.hub.MessageHubBackedObjectConnection$DispatchWrapper.dispatch(MessageHubBackedObjectConnection.java:155)
	at org.gradle.internal.remote.internal.hub.MessageHubBackedObjectConnection$DispatchWrapper.dispatch(MessageHubBackedObjectConnection.java:137)
	at org.gradle.internal.remote.internal.hub.MessageHub$Handler.run(MessageHub.java:404)
	at org.gradle.internal.concurrent.ExecutorPolicy$CatchAndRecordFailures.onExecute(ExecutorPolicy.java:63)
	at org.gradle.internal.concurrent.ManagedExecutorImpl$1.run(ManagedExecutorImpl.java:46)
	at java.util.concurrent.ThreadPoolExecutor.runWorker(ThreadPoolExecutor.java:1149)
	at java.util.concurrent.ThreadPoolExecutor$Worker.run(ThreadPoolExecutor.java:624)
	at org.gradle.internal.concurrent.ThreadFactoryImpl$ManagedThreadRunnable.run(ThreadFactoryImpl.java:55)
	at java.lang.Thread.run(Thread.java:748)
Caused by: org.springframework.beans.factory.BeanCreationException: Error creating bean with name 'boardDao': Injection of autowired dependencies failed; nested exception is org.springframework.beans.factory.BeanCreationException: Could not autowire method: public void com.smart.dao.BaseDao.setHibernateTemplate(org.springframework.orm.hibernate4.HibernateTemplate); nested exception is org.springframework.beans.factory.BeanCreationException: Error creating bean with name 'hibernateTemplate' defined in com.smart.config.DaoConfig: Bean instantiation via factory method failed; nested exception is org.springframework.beans.BeanInstantiationException: Failed to instantiate [org.springframework.orm.hibernate4.HibernateTemplate]: Factory method 'hibernateTemplate' threw exception; nested exception is org.springframework.beans.factory.BeanCreationException: Error creating bean with name 'sessionFactory' defined in com.smart.config.DaoConfig: Bean instantiation via factory method failed; nested exception is org.springframework.beans.BeanInstantiationException: Failed to instantiate [org.hibernate.SessionFactory]: Factory method 'sessionFactory' threw exception; nested exception is org.springframework.beans.factory.BeanCreationException: Error creating bean with name 'localSessionFactoryBean' defined in com.smart.config.DaoConfig: Invocation of init method failed; nested exception is org.hibernate.service.spi.ServiceException: Unable to create requested service [org.hibernate.engine.spi.CacheImplementor]
	at org.springframework.beans.factory.annotation.AutowiredAnnotationBeanPostProcessor.postProcessPropertyValues(AutowiredAnnotationBeanPostProcessor.java:334)
	at org.springframework.beans.factory.support.AbstractAutowireCapableBeanFactory.populateBean(AbstractAutowireCapableBeanFactory.java:1214)
	at org.springframework.beans.factory.support.AbstractAutowireCapableBeanFactory.doCreateBean(AbstractAutowireCapableBeanFactory.java:543)
	at org.springframework.beans.factory.support.AbstractAutowireCapableBeanFactory.createBean(AbstractAutowireCapableBeanFactory.java:482)
	at org.springframework.beans.factory.support.AbstractBeanFactory$1.getObject(AbstractBeanFactory.java:305)
	at org.springframework.beans.factory.support.DefaultSingletonBeanRegistry.getSingleton(DefaultSingletonBeanRegistry.java:230)
	at org.springframework.beans.factory.support.AbstractBeanFactory.doGetBean(AbstractBeanFactory.java:301)
	at org.springframework.beans.factory.support.AbstractBeanFactory.getBean(AbstractBeanFactory.java:196)
	at org.springframework.beans.factory.support.DefaultListableBeanFactory.preInstantiateSingletons(DefaultListableBeanFactory.java:772)
	at org.springframework.context.support.AbstractApplicationContext.finishBeanFactoryInitialization(AbstractApplicationContext.java:835)
	at org.springframework.context.support.AbstractApplicationContext.refresh(AbstractApplicationContext.java:537)
	at org.springframework.test.context.support.AbstractGenericContextLoader.loadContext(AbstractGenericContextLoader.java:125)
	at org.springframework.test.context.support.AbstractGenericContextLoader.loadContext(AbstractGenericContextLoader.java:60)
	at org.springframework.test.context.support.AbstractDelegatingSmartContextLoader.delegateLoading(AbstractDelegatingSmartContextLoader.java:109)
	at org.springframework.test.context.support.AbstractDelegatingSmartContextLoader.loadContext(AbstractDelegatingSmartContextLoader.java:261)
	at org.springframework.test.context.cache.DefaultCacheAwareContextLoaderDelegate.loadContextInternal(DefaultCacheAwareContextLoaderDelegate.java:98)
	at org.springframework.test.context.cache.DefaultCacheAwareContextLoaderDelegate.loadContext(DefaultCacheAwareContextLoaderDelegate.java:116)
	... 49 more
Caused by: org.springframework.beans.factory.BeanCreationException: Could not autowire method: public void com.smart.dao.BaseDao.setHibernateTemplate(org.springframework.orm.hibernate4.HibernateTemplate); nested exception is org.springframework.beans.factory.BeanCreationException: Error creating bean with name 'hibernateTemplate' defined in com.smart.config.DaoConfig: Bean instantiation via factory method failed; nested exception is org.springframework.beans.BeanInstantiationException: Failed to instantiate [org.springframework.orm.hibernate4.HibernateTemplate]: Factory method 'hibernateTemplate' threw exception; nested exception is org.springframework.beans.factory.BeanCreationException: Error creating bean with name 'sessionFactory' defined in com.smart.config.DaoConfig: Bean instantiation via factory method failed; nested exception is org.springframework.beans.BeanInstantiationException: Failed to instantiate [org.hibernate.SessionFactory]: Factory method 'sessionFactory' threw exception; nested exception is org.springframework.beans.factory.BeanCreationException: Error creating bean with name 'localSessionFactoryBean' defined in com.smart.config.DaoConfig: Invocation of init method failed; nested exception is org.hibernate.service.spi.ServiceException: Unable to create requested service [org.hibernate.engine.spi.CacheImplementor]
	at org.springframework.beans.factory.annotation.AutowiredAnnotationBeanPostProcessor$AutowiredMethodElement.inject(AutowiredAnnotationBeanPostProcessor.java:659)
	at org.springframework.beans.factory.annotation.InjectionMetadata.inject(InjectionMetadata.java:88)
	at org.springframework.beans.factory.annotation.AutowiredAnnotationBeanPostProcessor.postProcessPropertyValues(AutowiredAnnotationBeanPostProcessor.java:331)
	... 65 more
Caused by: org.springframework.beans.factory.BeanCreationException: Error creating bean with name 'hibernateTemplate' defined in com.smart.config.DaoConfig: Bean instantiation via factory method failed; nested exception is org.springframework.beans.BeanInstantiationException: Failed to instantiate [org.springframework.orm.hibernate4.HibernateTemplate]: Factory method 'hibernateTemplate' threw exception; nested exception is org.springframework.beans.factory.BeanCreationException: Error creating bean with name 'sessionFactory' defined in com.smart.config.DaoConfig: Bean instantiation via factory method failed; nested exception is org.springframework.beans.BeanInstantiationException: Failed to instantiate [org.hibernate.SessionFactory]: Factory method 'sessionFactory' threw exception; nested exception is org.springframework.beans.factory.BeanCreationException: Error creating bean with name 'localSessionFactoryBean' defined in com.smart.config.DaoConfig: Invocation of init method failed; nested exception is org.hibernate.service.spi.ServiceException: Unable to create requested service [org.hibernate.engine.spi.CacheImplementor]
	at org.springframework.beans.factory.support.ConstructorResolver.instantiateUsingFactoryMethod(ConstructorResolver.java:599)
	at org.springframework.beans.factory.support.AbstractAutowireCapableBeanFactory.instantiateUsingFactoryMethod(AbstractAutowireCapableBeanFactory.java:1123)
	at org.springframework.beans.factory.support.AbstractAutowireCapableBeanFactory.createBeanInstance(AbstractAutowireCapableBeanFactory.java:1018)
	at org.springframework.beans.factory.support.AbstractAutowireCapableBeanFactory.doCreateBean(AbstractAutowireCapableBeanFactory.java:510)
	at org.springframework.beans.factory.support.AbstractAutowireCapableBeanFactory.createBean(AbstractAutowireCapableBeanFactory.java:482)
	at org.springframework.beans.factory.support.AbstractBeanFactory$1.getObject(AbstractBeanFactory.java:305)
	at org.springframework.beans.factory.support.DefaultSingletonBeanRegistry.getSingleton(DefaultSingletonBeanRegistry.java:230)
	at org.springframework.beans.factory.support.AbstractBeanFactory.doGetBean(AbstractBeanFactory.java:301)
	at org.springframework.beans.factory.support.AbstractBeanFactory.getBean(AbstractBeanFactory.java:196)
	at org.springframework.beans.factory.support.DefaultListableBeanFactory.findAutowireCandidates(DefaultListableBeanFactory.java:1192)
	at org.springframework.beans.factory.support.DefaultListableBeanFactory.doResolveDependency(DefaultListableBeanFactory.java:1116)
	at org.springframework.beans.factory.support.DefaultListableBeanFactory.resolveDependency(DefaultListableBeanFactory.java:1014)
	at org.springframework.beans.factory.annotation.AutowiredAnnotationBeanPostProcessor$AutowiredMethodElement.inject(AutowiredAnnotationBeanPostProcessor.java:616)
	... 67 more
Caused by: org.springframework.beans.BeanInstantiationException: Failed to instantiate [org.springframework.orm.hibernate4.HibernateTemplate]: Factory method 'hibernateTemplate' threw exception; nested exception is org.springframework.beans.factory.BeanCreationException: Error creating bean with name 'sessionFactory' defined in com.smart.config.DaoConfig: Bean instantiation via factory method failed; nested exception is org.springframework.beans.BeanInstantiationException: Failed to instantiate [org.hibernate.SessionFactory]: Factory method 'sessionFactory' threw exception; nested exception is org.springframework.beans.factory.BeanCreationException: Error creating bean with name 'localSessionFactoryBean' defined in com.smart.config.DaoConfig: Invocation of init method failed; nested exception is org.hibernate.service.spi.ServiceException: Unable to create requested service [org.hibernate.engine.spi.CacheImplementor]
	at org.springframework.beans.factory.support.SimpleInstantiationStrategy.instantiate(SimpleInstantiationStrategy.java:189)
	at org.springframework.beans.factory.support.ConstructorResolver.instantiateUsingFactoryMethod(ConstructorResolver.java:588)
	... 79 more
Caused by: org.springframework.beans.factory.BeanCreationException: Error creating bean with name 'sessionFactory' defined in com.smart.config.DaoConfig: Bean instantiation via factory method failed; nested exception is org.springframework.beans.BeanInstantiationException: Failed to instantiate [org.hibernate.SessionFactory]: Factory method 'sessionFactory' threw exception; nested exception is org.springframework.beans.factory.BeanCreationException: Error creating bean with name 'localSessionFactoryBean' defined in com.smart.config.DaoConfig: Invocation of init method failed; nested exception is org.hibernate.service.spi.ServiceException: Unable to create requested service [org.hibernate.engine.spi.CacheImplementor]
	at org.springframework.beans.factory.support.ConstructorResolver.instantiateUsingFactoryMethod(ConstructorResolver.java:599)
	at org.springframework.beans.factory.support.AbstractAutowireCapableBeanFactory.instantiateUsingFactoryMethod(AbstractAutowireCapableBeanFactory.java:1123)
	at org.springframework.beans.factory.support.AbstractAutowireCapableBeanFactory.createBeanInstance(AbstractAutowireCapableBeanFactory.java:1018)
	at org.springframework.beans.factory.support.AbstractAutowireCapableBeanFactory.doCreateBean(AbstractAutowireCapableBeanFactory.java:510)
	at org.springframework.beans.factory.support.AbstractAutowireCapableBeanFactory.createBean(AbstractAutowireCapableBeanFactory.java:482)
	at org.springframework.beans.factory.support.AbstractBeanFactory$1.getObject(AbstractBeanFactory.java:305)
	at org.springframework.beans.factory.support.DefaultSingletonBeanRegistry.getSingleton(DefaultSingletonBeanRegistry.java:230)
	at org.springframework.beans.factory.support.AbstractBeanFactory.doGetBean(AbstractBeanFactory.java:301)
	at org.springframework.beans.factory.support.AbstractBeanFactory.getBean(AbstractBeanFactory.java:196)
	at org.springframework.context.annotation.ConfigurationClassEnhancer$BeanMethodInterceptor.intercept(ConfigurationClassEnhancer.java:331)
	at com.smart.config.DaoConfig$$EnhancerBySpringCGLIB$$b4546b24.sessionFactory(&lt;generated&gt;)
	at com.smart.config.DaoConfig.hibernateTemplate(DaoConfig.java:66)
	at com.smart.config.DaoConfig$$EnhancerBySpringCGLIB$$b4546b24.CGLIB$hibernateTemplate$3(&lt;generated&gt;)
	at com.smart.config.DaoConfig$$EnhancerBySpringCGLIB$$b4546b24$$FastClassBySpringCGLIB$$ff37ed1e.invoke(&lt;generated&gt;)
	at org.springframework.cglib.proxy.MethodProxy.invokeSuper(MethodProxy.java:228)
	at org.springframework.context.annotation.ConfigurationClassEnhancer$BeanMethodInterceptor.intercept(ConfigurationClassEnhancer.java:318)
	at com.smart.config.DaoConfig$$EnhancerBySpringCGLIB$$b4546b24.hibernateTemplate(&lt;generated&gt;)
	at sun.reflect.NativeMethodAccessorImpl.invoke0(Native Method)
	at sun.reflect.NativeMethodAccessorImpl.invoke(NativeMethodAccessorImpl.java:62)
	at sun.reflect.DelegatingMethodAccessorImpl.invoke(DelegatingMethodAccessorImpl.java:43)
	at java.lang.reflect.Method.invoke(Method.java:498)
	at org.springframework.beans.factory.support.SimpleInstantiationStrategy.instantiate(SimpleInstantiationStrategy.java:162)
	... 80 more
Caused by: org.springframework.beans.BeanInstantiationException: Failed to instantiate [org.hibernate.SessionFactory]: Factory method 'sessionFactory' threw exception; nested exception is org.springframework.beans.factory.BeanCreationException: Error creating bean with name 'localSessionFactoryBean' defined in com.smart.config.DaoConfig: Invocation of init method failed; nested exception is org.hibernate.service.spi.ServiceException: Unable to create requested service [org.hibernate.engine.spi.CacheImplementor]
	at org.springframework.beans.factory.support.SimpleInstantiationStrategy.instantiate(SimpleInstantiationStrategy.java:189)
	at org.springframework.beans.factory.support.ConstructorResolver.instantiateUsingFactoryMethod(ConstructorResolver.java:588)
	... 101 more
Caused by: org.springframework.beans.factory.BeanCreationException: Error creating bean with name 'localSessionFactoryBean' defined in com.smart.config.DaoConfig: Invocation of init method failed; nested exception is org.hibernate.service.spi.ServiceException: Unable to create requested service [org.hibernate.engine.spi.CacheImplementor]
	at org.springframework.beans.factory.support.AbstractAutowireCapableBeanFactory.initializeBean(AbstractAutowireCapableBeanFactory.java:1578)
	at org.springframework.beans.factory.support.AbstractAutowireCapableBeanFactory.doCreateBean(AbstractAutowireCapableBeanFactory.java:545)
	at org.springframework.beans.factory.support.AbstractAutowireCapableBeanFactory.createBean(AbstractAutowireCapableBeanFactory.java:482)
	at org.springframework.beans.factory.support.AbstractBeanFactory$1.getObject(AbstractBeanFactory.java:305)
	at org.springframework.beans.factory.support.DefaultSingletonBeanRegistry.getSingleton(DefaultSingletonBeanRegistry.java:230)
	at org.springframework.beans.factory.support.AbstractBeanFactory.doGetBean(AbstractBeanFactory.java:301)
	at org.springframework.beans.factory.support.AbstractBeanFactory.getBean(AbstractBeanFactory.java:196)
	at org.springframework.context.annotation.ConfigurationClassEnhancer$BeanMethodInterceptor.intercept(ConfigurationClassEnhancer.java:294)
	at com.smart.config.DaoConfig$$EnhancerBySpringCGLIB$$b4546b24.localSessionFactoryBean(&lt;generated&gt;)
	at com.smart.config.DaoConfig.sessionFactory(DaoConfig.java:60)
	at com.smart.config.DaoConfig$$EnhancerBySpringCGLIB$$b4546b24.CGLIB$sessionFactory$2(&lt;generated&gt;)
	at com.smart.config.DaoConfig$$EnhancerBySpringCGLIB$$b4546b24$$FastClassBySpringCGLIB$$ff37ed1e.invoke(&lt;generated&gt;)
	at org.springframework.cglib.proxy.MethodProxy.invokeSuper(MethodProxy.java:228)
	at org.springframework.context.annotation.ConfigurationClassEnhancer$BeanMethodInterceptor.intercept(ConfigurationClassEnhancer.java:318)
	at com.smart.config.DaoConfig$$EnhancerBySpringCGLIB$$b4546b24.sessionFactory(&lt;generated&gt;)
	at sun.reflect.NativeMethodAccessorImpl.invoke0(Native Method)
	at sun.reflect.NativeMethodAccessorImpl.invoke(NativeMethodAccessorImpl.java:62)
	at sun.reflect.DelegatingMethodAccessorImpl.invoke(DelegatingMethodAccessorImpl.java:43)
	at java.lang.reflect.Method.invoke(Method.java:498)
	at org.springframework.beans.factory.support.SimpleInstantiationStrategy.instantiate(SimpleInstantiationStrategy.java:162)
	... 102 more
Caused by: org.hibernate.service.spi.ServiceException: Unable to create requested service [org.hibernate.engine.spi.CacheImplementor]
	at org.hibernate.service.internal.AbstractServiceRegistryImpl.createService(AbstractServiceRegistryImpl.java:186)
	at org.hibernate.service.internal.AbstractServiceRegistryImpl.initializeService(AbstractServiceRegistryImpl.java:150)
	at org.hibernate.service.internal.AbstractServiceRegistryImpl.getService(AbstractServiceRegistryImpl.java:131)
	at org.hibernate.internal.SessionFactoryImpl.&lt;init&gt;(SessionFactoryImpl.java:264)
	at org.hibernate.cfg.Configuration.buildSessionFactory(Configuration.java:1750)
	at org.hibernate.cfg.Configuration.buildSessionFactory(Configuration.java:1788)
	at org.springframework.orm.hibernate4.LocalSessionFactoryBuilder.buildSessionFactory(LocalSessionFactoryBuilder.java:372)
	at org.springframework.orm.hibernate4.LocalSessionFactoryBean.buildSessionFactory(LocalSessionFactoryBean.java:454)
	at org.springframework.orm.hibernate4.LocalSessionFactoryBean.afterPropertiesSet(LocalSessionFactoryBean.java:439)
	at org.springframework.beans.factory.support.AbstractAutowireCapableBeanFactory.invokeInitMethods(AbstractAutowireCapableBeanFactory.java:1637)
	at org.springframework.beans.factory.support.AbstractAutowireCapableBeanFactory.initializeBean(AbstractAutowireCapableBeanFactory.java:1574)
	... 121 more
Caused by: org.hibernate.cache.CacheException: net.sf.ehcache.CacheException: Another unnamed CacheManager already exists in the same VM. Please provide unique names for each CacheManager in the config or do one of following:
1. Use one of the CacheManager.create() static factory methods to reuse same CacheManager with same name or create one if necessary
2. Shutdown the earlier cacheManager before creating new one with same name.
The source of the existing CacheManager is: DefaultConfigurationSource [ ehcache.xml or ehcache-failsafe.xml ]
	at org.hibernate.cache.ehcache.EhCacheRegionFactory.start(EhCacheRegionFactory.java:110)
	at org.hibernate.internal.CacheImpl.&lt;init&gt;(CacheImpl.java:70)
	at org.hibernate.engine.spi.CacheInitiator.initiateService(CacheInitiator.java:40)
	at org.hibernate.engine.spi.CacheInitiator.initiateService(CacheInitiator.java:35)
	at org.hibernate.service.internal.SessionFactoryServiceRegistryImpl.initiateService(SessionFactoryServiceRegistryImpl.java:91)
	at org.hibernate.service.internal.AbstractServiceRegistryImpl.createService(AbstractServiceRegistryImpl.java:176)
	... 131 more
Caused by: net.sf.ehcache.CacheException: Another unnamed CacheManager already exists in the same VM. Please provide unique names for each CacheManager in the config or do one of following:
1. Use one of the CacheManager.create() static factory methods to reuse same CacheManager with same name or create one if necessary
2. Shutdown the earlier cacheManager before creating new one with same name.
The source of the existing CacheManager is: DefaultConfigurationSource [ ehcache.xml or ehcache-failsafe.xml ]
	at net.sf.ehcache.CacheManager.assertNoCacheManagerExistsWithSameName(CacheManager.java:628)
	at net.sf.ehcache.CacheManager.init(CacheManager.java:392)
	at net.sf.ehcache.CacheManager.&lt;init&gt;(CacheManager.java:270)
	at org.hibernate.cache.ehcache.EhCacheRegionFactory.start(EhCacheRegionFactory.java:83)
	... 136 more
</failure>
  </testcase>
  <system-out><![CDATA[2019-05-06 11:12:39,039 DEBUG (org.springframework.test.context.junit4.SpringJUnit4ClassRunner:142) - SpringJUnit4ClassRunner constructor called with [class com.smart.service.UserServiceTest]
2019-05-06 11:12:39,039 DEBUG (org.springframework.test.context.junit4.SpringJUnit4ClassRunner:142) - SpringJUnit4ClassRunner constructor called with [class com.smart.service.UserServiceTest]
2019-05-06 11:12:39,040 DEBUG (org.springframework.test.context.BootstrapUtils:96) - Instantiating CacheAwareContextLoaderDelegate from class [org.springframework.test.context.cache.DefaultCacheAwareContextLoaderDelegate]
2019-05-06 11:12:39,040 DEBUG (org.springframework.test.context.BootstrapUtils:96) - Instantiating CacheAwareContextLoaderDelegate from class [org.springframework.test.context.cache.DefaultCacheAwareContextLoaderDelegate]
2019-05-06 11:12:39,040 DEBUG (org.springframework.test.context.BootstrapUtils:79) - Instantiating BootstrapContext using constructor [public org.springframework.test.context.support.DefaultBootstrapContext(java.lang.Class,org.springframework.test.context.CacheAwareContextLoaderDelegate)]
2019-05-06 11:12:39,040 DEBUG (org.springframework.test.context.BootstrapUtils:79) - Instantiating BootstrapContext using constructor [public org.springframework.test.context.support.DefaultBootstrapContext(java.lang.Class,org.springframework.test.context.CacheAwareContextLoaderDelegate)]
2019-05-06 11:12:39,040 DEBUG (org.springframework.test.context.BootstrapUtils:146) - Instantiating TestContextBootstrapper for test class [com.smart.service.UserServiceTest] from class [org.springframework.test.context.support.DefaultTestContextBootstrapper]
2019-05-06 11:12:39,040 DEBUG (org.springframework.test.context.BootstrapUtils:146) - Instantiating TestContextBootstrapper for test class [com.smart.service.UserServiceTest] from class [org.springframework.test.context.support.DefaultTestContextBootstrapper]
2019-05-06 11:12:39,041 DEBUG (org.springframework.test.context.support.AbstractDelegatingSmartContextLoader:97) - Delegating to AnnotationConfigContextLoader to process context configuration [ContextConfigurationAttributes@29e27032 declaringClass = 'com.smart.service.BaseService', classes = '{class com.smart.config.DaoConfig, class com.smart.config.ServiceConfig}', locations = '{}', inheritLocations = true, initializers = '{}', inheritInitializers = true, name = [null], contextLoaderClass = 'org.springframework.test.context.ContextLoader'].
2019-05-06 11:12:39,041 DEBUG (org.springframework.test.context.support.AbstractDelegatingSmartContextLoader:97) - Delegating to AnnotationConfigContextLoader to process context configuration [ContextConfigurationAttributes@29e27032 declaringClass = 'com.smart.service.BaseService', classes = '{class com.smart.config.DaoConfig, class com.smart.config.ServiceConfig}', locations = '{}', inheritLocations = true, initializers = '{}', inheritInitializers = true, name = [null], contextLoaderClass = 'org.springframework.test.context.ContextLoader'].
2019-05-06 11:12:39,041 DEBUG (org.springframework.test.context.support.ActiveProfilesUtils:84) - Could not find an 'annotation declaring class' for annotation type [org.springframework.test.context.ActiveProfiles] and class [com.smart.service.UserServiceTest]
2019-05-06 11:12:39,041 DEBUG (org.springframework.test.context.support.ActiveProfilesUtils:84) - Could not find an 'annotation declaring class' for annotation type [org.springframework.test.context.ActiveProfiles] and class [com.smart.service.UserServiceTest]
2019-05-06 11:12:39,041 DEBUG (org.springframework.test.context.support.DefaultTestContextBootstrapper:130) - @TestExecutionListeners is not present for class [com.smart.service.UserServiceTest]: using defaults.
2019-05-06 11:12:39,041 DEBUG (org.springframework.test.context.support.DefaultTestContextBootstrapper:130) - @TestExecutionListeners is not present for class [com.smart.service.UserServiceTest]: using defaults.
2019-05-06 11:12:39,042  INFO (org.springframework.test.context.support.DefaultTestContextBootstrapper:259) - Loaded default TestExecutionListener class names from location [META-INF/spring.factories]: [org.springframework.test.context.web.ServletTestExecutionListener, org.springframework.test.context.support.DirtiesContextBeforeModesTestExecutionListener, org.springframework.test.context.support.DependencyInjectionTestExecutionListener, org.springframework.test.context.support.DirtiesContextTestExecutionListener, org.springframework.test.context.transaction.TransactionalTestExecutionListener, org.springframework.test.context.jdbc.SqlScriptsTestExecutionListener]
2019-05-06 11:12:39,042  INFO (org.springframework.test.context.support.DefaultTestContextBootstrapper:259) - Loaded default TestExecutionListener class names from location [META-INF/spring.factories]: [org.springframework.test.context.web.ServletTestExecutionListener, org.springframework.test.context.support.DirtiesContextBeforeModesTestExecutionListener, org.springframework.test.context.support.DependencyInjectionTestExecutionListener, org.springframework.test.context.support.DirtiesContextTestExecutionListener, org.springframework.test.context.transaction.TransactionalTestExecutionListener, org.springframework.test.context.jdbc.SqlScriptsTestExecutionListener]
2019-05-06 11:12:39,042  INFO (org.springframework.test.context.support.DefaultTestContextBootstrapper:185) - Using TestExecutionListeners: [org.springframework.test.context.web.ServletTestExecutionListener@45047f0c, org.springframework.test.context.support.DirtiesContextBeforeModesTestExecutionListener@337b772c, org.springframework.test.context.support.DependencyInjectionTestExecutionListener@28433052, org.springframework.test.context.support.DirtiesContextTestExecutionListener@9412f94, org.springframework.test.context.transaction.TransactionalTestExecutionListener@6fdbcdaf, org.springframework.test.context.jdbc.SqlScriptsTestExecutionListener@7f1156f]
2019-05-06 11:12:39,042  INFO (org.springframework.test.context.support.DefaultTestContextBootstrapper:185) - Using TestExecutionListeners: [org.springframework.test.context.web.ServletTestExecutionListener@45047f0c, org.springframework.test.context.support.DirtiesContextBeforeModesTestExecutionListener@337b772c, org.springframework.test.context.support.DependencyInjectionTestExecutionListener@28433052, org.springframework.test.context.support.DirtiesContextTestExecutionListener@9412f94, org.springframework.test.context.transaction.TransactionalTestExecutionListener@6fdbcdaf, org.springframework.test.context.jdbc.SqlScriptsTestExecutionListener@7f1156f]
2019-05-06 11:12:39,043 DEBUG (org.springframework.test.annotation.ProfileValueUtils:71) - Retrieved @ProfileValueSourceConfiguration [null] for test class [com.smart.service.UserServiceTest]
2019-05-06 11:12:39,043 DEBUG (org.springframework.test.annotation.ProfileValueUtils:71) - Retrieved @ProfileValueSourceConfiguration [null] for test class [com.smart.service.UserServiceTest]
2019-05-06 11:12:39,043 DEBUG (org.springframework.test.annotation.ProfileValueUtils:83) - Retrieved ProfileValueSource type [class org.springframework.test.annotation.SystemProfileValueSource] for class [com.smart.service.UserServiceTest]
2019-05-06 11:12:39,043 DEBUG (org.springframework.test.annotation.ProfileValueUtils:83) - Retrieved ProfileValueSource type [class org.springframework.test.annotation.SystemProfileValueSource] for class [com.smart.service.UserServiceTest]
2019-05-06 11:12:39,043 DEBUG (org.springframework.test.annotation.ProfileValueUtils:71) - Retrieved @ProfileValueSourceConfiguration [null] for test class [com.smart.service.UserServiceTest]
2019-05-06 11:12:39,043 DEBUG (org.springframework.test.annotation.ProfileValueUtils:71) - Retrieved @ProfileValueSourceConfiguration [null] for test class [com.smart.service.UserServiceTest]
2019-05-06 11:12:39,043 DEBUG (org.springframework.test.annotation.ProfileValueUtils:83) - Retrieved ProfileValueSource type [class org.springframework.test.annotation.SystemProfileValueSource] for class [com.smart.service.UserServiceTest]
2019-05-06 11:12:39,043 DEBUG (org.springframework.test.annotation.ProfileValueUtils:83) - Retrieved ProfileValueSource type [class org.springframework.test.annotation.SystemProfileValueSource] for class [com.smart.service.UserServiceTest]
2019-05-06 11:12:39,043 DEBUG (org.springframework.test.context.support.AbstractDirtiesContextTestExecutionListener:141) - Before test class: context [DefaultTestContext@36016463 testClass = UserServiceTest, testInstance = [null], testMethod = [null], testException = [null], mergedContextConfiguration = [MergedContextConfiguration@363cc0b8 testClass = UserServiceTest, locations = '{}', classes = '{class com.smart.config.DaoConfig, class com.smart.config.ServiceConfig}', contextInitializerClasses = '[]', activeProfiles = '{}', propertySourceLocations = '{}', propertySourceProperties = '{}', contextLoader = 'org.springframework.test.context.support.DelegatingSmartContextLoader', parent = [null]]], class annotated with @DirtiesContext [false] with mode [null].
2019-05-06 11:12:39,043 DEBUG (org.springframework.test.context.support.AbstractDirtiesContextTestExecutionListener:141) - Before test class: context [DefaultTestContext@36016463 testClass = UserServiceTest, testInstance = [null], testMethod = [null], testException = [null], mergedContextConfiguration = [MergedContextConfiguration@363cc0b8 testClass = UserServiceTest, locations = '{}', classes = '{class com.smart.config.DaoConfig, class com.smart.config.ServiceConfig}', contextInitializerClasses = '[]', activeProfiles = '{}', propertySourceLocations = '{}', propertySourceProperties = '{}', contextLoader = 'org.springframework.test.context.support.DelegatingSmartContextLoader', parent = [null]]], class annotated with @DirtiesContext [false] with mode [null].
2019-05-06 11:12:39,044 DEBUG (org.springframework.test.annotation.ProfileValueUtils:71) - Retrieved @ProfileValueSourceConfiguration [null] for test class [com.smart.service.UserServiceTest]
2019-05-06 11:12:39,044 DEBUG (org.springframework.test.annotation.ProfileValueUtils:71) - Retrieved @ProfileValueSourceConfiguration [null] for test class [com.smart.service.UserServiceTest]
2019-05-06 11:12:39,044 DEBUG (org.springframework.test.annotation.ProfileValueUtils:83) - Retrieved ProfileValueSource type [class org.springframework.test.annotation.SystemProfileValueSource] for class [com.smart.service.UserServiceTest]
2019-05-06 11:12:39,044 DEBUG (org.springframework.test.annotation.ProfileValueUtils:83) - Retrieved ProfileValueSource type [class org.springframework.test.annotation.SystemProfileValueSource] for class [com.smart.service.UserServiceTest]
2019-05-06 11:12:39,045 DEBUG (org.springframework.test.context.support.DependencyInjectionTestExecutionListener:81) - Performing dependency injection for test context [[DefaultTestContext@36016463 testClass = UserServiceTest, testInstance = com.smart.service.UserServiceTest@73bd565, testMethod = [null], testException = [null], mergedContextConfiguration = [MergedContextConfiguration@363cc0b8 testClass = UserServiceTest, locations = '{}', classes = '{class com.smart.config.DaoConfig, class com.smart.config.ServiceConfig}', contextInitializerClasses = '[]', activeProfiles = '{}', propertySourceLocations = '{}', propertySourceProperties = '{}', contextLoader = 'org.springframework.test.context.support.DelegatingSmartContextLoader', parent = [null]]]].
2019-05-06 11:12:39,045 DEBUG (org.springframework.test.context.support.DependencyInjectionTestExecutionListener:81) - Performing dependency injection for test context [[DefaultTestContext@36016463 testClass = UserServiceTest, testInstance = com.smart.service.UserServiceTest@73bd565, testMethod = [null], testException = [null], mergedContextConfiguration = [MergedContextConfiguration@363cc0b8 testClass = UserServiceTest, locations = '{}', classes = '{class com.smart.config.DaoConfig, class com.smart.config.ServiceConfig}', contextInitializerClasses = '[]', activeProfiles = '{}', propertySourceLocations = '{}', propertySourceProperties = '{}', contextLoader = 'org.springframework.test.context.support.DelegatingSmartContextLoader', parent = [null]]]].
2019-05-06 11:12:39,046 DEBUG (org.springframework.test.context.support.AbstractDelegatingSmartContextLoader:107) - Delegating to AnnotationConfigContextLoader to load context from [MergedContextConfiguration@363cc0b8 testClass = UserServiceTest, locations = '{}', classes = '{class com.smart.config.DaoConfig, class com.smart.config.ServiceConfig}', contextInitializerClasses = '[]', activeProfiles = '{}', propertySourceLocations = '{}', propertySourceProperties = '{}', contextLoader = 'org.springframework.test.context.support.DelegatingSmartContextLoader', parent = [null]].
2019-05-06 11:12:39,046 DEBUG (org.springframework.test.context.support.AbstractDelegatingSmartContextLoader:107) - Delegating to AnnotationConfigContextLoader to load context from [MergedContextConfiguration@363cc0b8 testClass = UserServiceTest, locations = '{}', classes = '{class com.smart.config.DaoConfig, class com.smart.config.ServiceConfig}', contextInitializerClasses = '[]', activeProfiles = '{}', propertySourceLocations = '{}', propertySourceProperties = '{}', contextLoader = 'org.springframework.test.context.support.DelegatingSmartContextLoader', parent = [null]].
2019-05-06 11:12:39,047 DEBUG (org.springframework.test.context.support.AbstractGenericContextLoader:107) - Loading ApplicationContext for merged context configuration [[MergedContextConfiguration@363cc0b8 testClass = UserServiceTest, locations = '{}', classes = '{class com.smart.config.DaoConfig, class com.smart.config.ServiceConfig}', contextInitializerClasses = '[]', activeProfiles = '{}', propertySourceLocations = '{}', propertySourceProperties = '{}', contextLoader = 'org.springframework.test.context.support.DelegatingSmartContextLoader', parent = [null]]].
2019-05-06 11:12:39,047 DEBUG (org.springframework.test.context.support.AbstractGenericContextLoader:107) - Loading ApplicationContext for merged context configuration [[MergedContextConfiguration@363cc0b8 testClass = UserServiceTest, locations = '{}', classes = '{class com.smart.config.DaoConfig, class com.smart.config.ServiceConfig}', contextInitializerClasses = '[]', activeProfiles = '{}', propertySourceLocations = '{}', propertySourceProperties = '{}', contextLoader = 'org.springframework.test.context.support.DelegatingSmartContextLoader', parent = [null]]].
2019-05-06 11:12:39,051 DEBUG (org.springframework.core.env.StandardEnvironment:109) - Adding [systemProperties] PropertySource with lowest search precedence
2019-05-06 11:12:39,051 DEBUG (org.springframework.core.env.StandardEnvironment:109) - Adding [systemProperties] PropertySource with lowest search precedence
2019-05-06 11:12:39,052 DEBUG (org.springframework.core.env.StandardEnvironment:109) - Adding [systemEnvironment] PropertySource with lowest search precedence
2019-05-06 11:12:39,052 DEBUG (org.springframework.core.env.StandardEnvironment:109) - Adding [systemEnvironment] PropertySource with lowest search precedence
2019-05-06 11:12:39,052 DEBUG (org.springframework.core.env.StandardEnvironment:127) - Initialized StandardEnvironment with PropertySources [systemProperties,systemEnvironment]
2019-05-06 11:12:39,052 DEBUG (org.springframework.core.env.StandardEnvironment:127) - Initialized StandardEnvironment with PropertySources [systemProperties,systemEnvironment]
2019-05-06 11:12:39,052 DEBUG (org.springframework.test.context.support.AnnotationConfigContextLoader:192) - Registering annotated classes: {class com.smart.config.DaoConfig, class com.smart.config.ServiceConfig}
2019-05-06 11:12:39,052 DEBUG (org.springframework.test.context.support.AnnotationConfigContextLoader:192) - Registering annotated classes: {class com.smart.config.DaoConfig, class com.smart.config.ServiceConfig}
2019-05-06 11:12:39,066  INFO (org.springframework.context.support.GenericApplicationContext:574) - Refreshing org.springframework.context.support.GenericApplicationContext@86ee280: startup date [Mon May 06 11:12:39 CST 2019]; root of context hierarchy
2019-05-06 11:12:39,066  INFO (org.springframework.context.support.GenericApplicationContext:574) - Refreshing org.springframework.context.support.GenericApplicationContext@86ee280: startup date [Mon May 06 11:12:39 CST 2019]; root of context hierarchy
2019-05-06 11:12:39,067 DEBUG (org.springframework.context.support.GenericApplicationContext:608) - Bean factory for org.springframework.context.support.GenericApplicationContext@86ee280: org.springframework.beans.factory.support.DefaultListableBeanFactory@69a3a9a5: defining beans [org.springframework.context.annotation.internalConfigurationAnnotationProcessor,org.springframework.context.annotation.internalAutowiredAnnotationProcessor,org.springframework.context.annotation.internalRequiredAnnotationProcessor,org.springframework.context.annotation.internalCommonAnnotationProcessor,org.springframework.context.annotation.internalPersistenceAnnotationProcessor,org.springframework.context.event.internalEventListenerProcessor,org.springframework.context.event.internalEventListenerFactory,daoConfig,serviceConfig]; root of factory hierarchy
2019-05-06 11:12:39,067 DEBUG (org.springframework.context.support.GenericApplicationContext:608) - Bean factory for org.springframework.context.support.GenericApplicationContext@86ee280: org.springframework.beans.factory.support.DefaultListableBeanFactory@69a3a9a5: defining beans [org.springframework.context.annotation.internalConfigurationAnnotationProcessor,org.springframework.context.annotation.internalAutowiredAnnotationProcessor,org.springframework.context.annotation.internalRequiredAnnotationProcessor,org.springframework.context.annotation.internalCommonAnnotationProcessor,org.springframework.context.annotation.internalPersistenceAnnotationProcessor,org.springframework.context.event.internalEventListenerProcessor,org.springframework.context.event.internalEventListenerFactory,daoConfig,serviceConfig]; root of factory hierarchy
2019-05-06 11:12:39,067 DEBUG (org.springframework.beans.factory.support.DefaultListableBeanFactory:221) - Creating shared instance of singleton bean 'org.springframework.context.annotation.internalConfigurationAnnotationProcessor'
2019-05-06 11:12:39,067 DEBUG (org.springframework.beans.factory.support.DefaultListableBeanFactory:221) - Creating shared instance of singleton bean 'org.springframework.context.annotation.internalConfigurationAnnotationProcessor'
2019-05-06 11:12:39,068 DEBUG (org.springframework.beans.factory.support.DefaultListableBeanFactory:448) - Creating instance of bean 'org.springframework.context.annotation.internalConfigurationAnnotationProcessor'
2019-05-06 11:12:39,068 DEBUG (org.springframework.beans.factory.support.DefaultListableBeanFactory:448) - Creating instance of bean 'org.springframework.context.annotation.internalConfigurationAnnotationProcessor'
2019-05-06 11:12:39,068 DEBUG (org.springframework.beans.factory.support.DefaultListableBeanFactory:529) - Eagerly caching bean 'org.springframework.context.annotation.internalConfigurationAnnotationProcessor' to allow for resolving potential circular references
2019-05-06 11:12:39,068 DEBUG (org.springframework.beans.factory.support.DefaultListableBeanFactory:529) - Eagerly caching bean 'org.springframework.context.annotation.internalConfigurationAnnotationProcessor' to allow for resolving potential circular references
2019-05-06 11:12:39,068 DEBUG (org.springframework.beans.factory.support.DefaultListableBeanFactory:484) - Finished creating instance of bean 'org.springframework.context.annotation.internalConfigurationAnnotationProcessor'
2019-05-06 11:12:39,068 DEBUG (org.springframework.beans.factory.support.DefaultListableBeanFactory:484) - Finished creating instance of bean 'org.springframework.context.annotation.internalConfigurationAnnotationProcessor'
2019-05-06 11:12:39,070 DEBUG (org.springframework.core.env.StandardEnvironment:109) - Adding [class path resource [jdbc.properties]] PropertySource with lowest search precedence
2019-05-06 11:12:39,070 DEBUG (org.springframework.core.env.StandardEnvironment:109) - Adding [class path resource [jdbc.properties]] PropertySource with lowest search precedence
2019-05-06 11:12:39,072 DEBUG (org.springframework.core.env.StandardEnvironment:109) - Adding [systemProperties] PropertySource with lowest search precedence
2019-05-06 11:12:39,072 DEBUG (org.springframework.core.env.StandardEnvironment:109) - Adding [systemProperties] PropertySource with lowest search precedence
2019-05-06 11:12:39,073 DEBUG (org.springframework.core.env.StandardEnvironment:109) - Adding [systemEnvironment] PropertySource with lowest search precedence
2019-05-06 11:12:39,073 DEBUG (org.springframework.core.env.StandardEnvironment:109) - Adding [systemEnvironment] PropertySource with lowest search precedence
2019-05-06 11:12:39,073 DEBUG (org.springframework.core.env.StandardEnvironment:127) - Initialized StandardEnvironment with PropertySources [systemProperties,systemEnvironment]
2019-05-06 11:12:39,073 DEBUG (org.springframework.core.env.StandardEnvironment:127) - Initialized StandardEnvironment with PropertySources [systemProperties,systemEnvironment]
2019-05-06 11:12:39,074 DEBUG (org.springframework.core.io.support.PathMatchingResourcePatternResolver:631) - Looking for matching resources in directory tree [/Users/eugeneyoung/Downloads/ubuntu/GitHub/zero-xml-forum/forum/forum1/build/classes/java/test/com/smart/dao]
2019-05-06 11:12:39,074 DEBUG (org.springframework.core.io.support.PathMatchingResourcePatternResolver:631) - Looking for matching resources in directory tree [/Users/eugeneyoung/Downloads/ubuntu/GitHub/zero-xml-forum/forum/forum1/build/classes/java/test/com/smart/dao]
2019-05-06 11:12:39,074 DEBUG (org.springframework.core.io.support.PathMatchingResourcePatternResolver:693) - Searching directory [/Users/eugeneyoung/Downloads/ubuntu/GitHub/zero-xml-forum/forum/forum1/build/classes/java/test/com/smart/dao] for files matching pattern [/Users/eugeneyoung/Downloads/ubuntu/GitHub/zero-xml-forum/forum/forum1/build/classes/java/test/com/smart/dao/**/*.class]
2019-05-06 11:12:39,074 DEBUG (org.springframework.core.io.support.PathMatchingResourcePatternResolver:693) - Searching directory [/Users/eugeneyoung/Downloads/ubuntu/GitHub/zero-xml-forum/forum/forum1/build/classes/java/test/com/smart/dao] for files matching pattern [/Users/eugeneyoung/Downloads/ubuntu/GitHub/zero-xml-forum/forum/forum1/build/classes/java/test/com/smart/dao/**/*.class]
2019-05-06 11:12:39,076 DEBUG (org.springframework.core.io.support.PathMatchingResourcePatternResolver:631) - Looking for matching resources in directory tree [/Users/eugeneyoung/Downloads/ubuntu/GitHub/zero-xml-forum/forum/forum1/build/classes/java/main/com/smart/dao]
2019-05-06 11:12:39,076 DEBUG (org.springframework.core.io.support.PathMatchingResourcePatternResolver:631) - Looking for matching resources in directory tree [/Users/eugeneyoung/Downloads/ubuntu/GitHub/zero-xml-forum/forum/forum1/build/classes/java/main/com/smart/dao]
2019-05-06 11:12:39,076 DEBUG (org.springframework.core.io.support.PathMatchingResourcePatternResolver:693) - Searching directory [/Users/eugeneyoung/Downloads/ubuntu/GitHub/zero-xml-forum/forum/forum1/build/classes/java/main/com/smart/dao] for files matching pattern [/Users/eugeneyoung/Downloads/ubuntu/GitHub/zero-xml-forum/forum/forum1/build/classes/java/main/com/smart/dao/**/*.class]
2019-05-06 11:12:39,076 DEBUG (org.springframework.core.io.support.PathMatchingResourcePatternResolver:693) - Searching directory [/Users/eugeneyoung/Downloads/ubuntu/GitHub/zero-xml-forum/forum/forum1/build/classes/java/main/com/smart/dao] for files matching pattern [/Users/eugeneyoung/Downloads/ubuntu/GitHub/zero-xml-forum/forum/forum1/build/classes/java/main/com/smart/dao/**/*.class]
2019-05-06 11:12:39,077 DEBUG (org.springframework.core.io.support.PathMatchingResourcePatternResolver:424) - Resolved location pattern [classpath*:com/smart/dao/**/*.class] to resources [file [/Users/eugeneyoung/Downloads/ubuntu/GitHub/zero-xml-forum/forum/forum1/build/classes/java/test/com/smart/dao/BaseDaoTest.class], file [/Users/eugeneyoung/Downloads/ubuntu/GitHub/zero-xml-forum/forum/forum1/build/classes/java/test/com/smart/dao/BoardDaoTest.class], file [/Users/eugeneyoung/Downloads/ubuntu/GitHub/zero-xml-forum/forum/forum1/build/classes/java/test/com/smart/dao/MyTest.class], file [/Users/eugeneyoung/Downloads/ubuntu/GitHub/zero-xml-forum/forum/forum1/build/classes/java/test/com/smart/dao/TestCases.class], file [/Users/eugeneyoung/Downloads/ubuntu/GitHub/zero-xml-forum/forum/forum1/build/classes/java/main/com/smart/dao/BaseDao$1.class], file [/Users/eugeneyoung/Downloads/ubuntu/GitHub/zero-xml-forum/forum/forum1/build/classes/java/main/com/smart/dao/BaseDao$2.class], file [/Users/eugeneyoung/Downloads/ubuntu/GitHub/zero-xml-forum/forum/forum1/build/classes/java/main/com/smart/dao/BaseDao$3.class], file [/Users/eugeneyoung/Downloads/ubuntu/GitHub/zero-xml-forum/forum/forum1/build/classes/java/main/com/smart/dao/BaseDao.class], file [/Users/eugeneyoung/Downloads/ubuntu/GitHub/zero-xml-forum/forum/forum1/build/classes/java/main/com/smart/dao/BoardDao$1.class], file [/Users/eugeneyoung/Downloads/ubuntu/GitHub/zero-xml-forum/forum/forum1/build/classes/java/main/com/smart/dao/BoardDao.class], file [/Users/eugeneyoung/Downloads/ubuntu/GitHub/zero-xml-forum/forum/forum1/build/classes/java/main/com/smart/dao/LoginLogDao.class], file [/Users/eugeneyoung/Downloads/ubuntu/GitHub/zero-xml-forum/forum/forum1/build/classes/java/main/com/smart/dao/Page.class], file [/Users/eugeneyoung/Downloads/ubuntu/GitHub/zero-xml-forum/forum/forum1/build/classes/java/main/com/smart/dao/PostDao.class], file [/Users/eugeneyoung/Downloads/ubuntu/GitHub/zero-xml-forum/forum/forum1/build/classes/java/main/com/smart/dao/TopicDao.class], file [/Users/eugeneyoung/Downloads/ubuntu/GitHub/zero-xml-forum/forum/forum1/build/classes/java/main/com/smart/dao/UserDao.class]]
2019-05-06 11:12:39,077 DEBUG (org.springframework.core.io.support.PathMatchingResourcePatternResolver:424) - Resolved location pattern [classpath*:com/smart/dao/**/*.class] to resources [file [/Users/eugeneyoung/Downloads/ubuntu/GitHub/zero-xml-forum/forum/forum1/build/classes/java/test/com/smart/dao/BaseDaoTest.class], file [/Users/eugeneyoung/Downloads/ubuntu/GitHub/zero-xml-forum/forum/forum1/build/classes/java/test/com/smart/dao/BoardDaoTest.class], file [/Users/eugeneyoung/Downloads/ubuntu/GitHub/zero-xml-forum/forum/forum1/build/classes/java/test/com/smart/dao/MyTest.class], file [/Users/eugeneyoung/Downloads/ubuntu/GitHub/zero-xml-forum/forum/forum1/build/classes/java/test/com/smart/dao/TestCases.class], file [/Users/eugeneyoung/Downloads/ubuntu/GitHub/zero-xml-forum/forum/forum1/build/classes/java/main/com/smart/dao/BaseDao$1.class], file [/Users/eugeneyoung/Downloads/ubuntu/GitHub/zero-xml-forum/forum/forum1/build/classes/java/main/com/smart/dao/BaseDao$2.class], file [/Users/eugeneyoung/Downloads/ubuntu/GitHub/zero-xml-forum/forum/forum1/build/classes/java/main/com/smart/dao/BaseDao$3.class], file [/Users/eugeneyoung/Downloads/ubuntu/GitHub/zero-xml-forum/forum/forum1/build/classes/java/main/com/smart/dao/BaseDao.class], file [/Users/eugeneyoung/Downloads/ubuntu/GitHub/zero-xml-forum/forum/forum1/build/classes/java/main/com/smart/dao/BoardDao$1.class], file [/Users/eugeneyoung/Downloads/ubuntu/GitHub/zero-xml-forum/forum/forum1/build/classes/java/main/com/smart/dao/BoardDao.class], file [/Users/eugeneyoung/Downloads/ubuntu/GitHub/zero-xml-forum/forum/forum1/build/classes/java/main/com/smart/dao/LoginLogDao.class], file [/Users/eugeneyoung/Downloads/ubuntu/GitHub/zero-xml-forum/forum/forum1/build/classes/java/main/com/smart/dao/Page.class], file [/Users/eugeneyoung/Downloads/ubuntu/GitHub/zero-xml-forum/forum/forum1/build/classes/java/main/com/smart/dao/PostDao.class], file [/Users/eugeneyoung/Downloads/ubuntu/GitHub/zero-xml-forum/forum/forum1/build/classes/java/main/com/smart/dao/TopicDao.class], file [/Users/eugeneyoung/Downloads/ubuntu/GitHub/zero-xml-forum/forum/forum1/build/classes/java/main/com/smart/dao/UserDao.class]]
2019-05-06 11:12:39,081 DEBUG (org.springframework.context.annotation.ClassPathBeanDefinitionScanner:286) - Identified candidate component class: file [/Users/eugeneyoung/Downloads/ubuntu/GitHub/zero-xml-forum/forum/forum1/build/classes/java/main/com/smart/dao/BoardDao.class]
2019-05-06 11:12:39,081 DEBUG (org.springframework.context.annotation.ClassPathBeanDefinitionScanner:286) - Identified candidate component class: file [/Users/eugeneyoung/Downloads/ubuntu/GitHub/zero-xml-forum/forum/forum1/build/classes/java/main/com/smart/dao/BoardDao.class]
2019-05-06 11:12:39,081 DEBUG (org.springframework.context.annotation.ClassPathBeanDefinitionScanner:286) - Identified candidate component class: file [/Users/eugeneyoung/Downloads/ubuntu/GitHub/zero-xml-forum/forum/forum1/build/classes/java/main/com/smart/dao/LoginLogDao.class]
2019-05-06 11:12:39,081 DEBUG (org.springframework.context.annotation.ClassPathBeanDefinitionScanner:286) - Identified candidate component class: file [/Users/eugeneyoung/Downloads/ubuntu/GitHub/zero-xml-forum/forum/forum1/build/classes/java/main/com/smart/dao/LoginLogDao.class]
2019-05-06 11:12:39,082 DEBUG (org.springframework.context.annotation.ClassPathBeanDefinitionScanner:286) - Identified candidate component class: file [/Users/eugeneyoung/Downloads/ubuntu/GitHub/zero-xml-forum/forum/forum1/build/classes/java/main/com/smart/dao/PostDao.class]
2019-05-06 11:12:39,082 DEBUG (org.springframework.context.annotation.ClassPathBeanDefinitionScanner:286) - Identified candidate component class: file [/Users/eugeneyoung/Downloads/ubuntu/GitHub/zero-xml-forum/forum/forum1/build/classes/java/main/com/smart/dao/PostDao.class]
2019-05-06 11:12:39,083 DEBUG (org.springframework.context.annotation.ClassPathBeanDefinitionScanner:286) - Identified candidate component class: file [/Users/eugeneyoung/Downloads/ubuntu/GitHub/zero-xml-forum/forum/forum1/build/classes/java/main/com/smart/dao/TopicDao.class]
2019-05-06 11:12:39,083 DEBUG (org.springframework.context.annotation.ClassPathBeanDefinitionScanner:286) - Identified candidate component class: file [/Users/eugeneyoung/Downloads/ubuntu/GitHub/zero-xml-forum/forum/forum1/build/classes/java/main/com/smart/dao/TopicDao.class]
2019-05-06 11:12:39,083 DEBUG (org.springframework.context.annotation.ClassPathBeanDefinitionScanner:286) - Identified candidate component class: file [/Users/eugeneyoung/Downloads/ubuntu/GitHub/zero-xml-forum/forum/forum1/build/classes/java/main/com/smart/dao/UserDao.class]
2019-05-06 11:12:39,083 DEBUG (org.springframework.context.annotation.ClassPathBeanDefinitionScanner:286) - Identified candidate component class: file [/Users/eugeneyoung/Downloads/ubuntu/GitHub/zero-xml-forum/forum/forum1/build/classes/java/main/com/smart/dao/UserDao.class]
2019-05-06 11:12:39,093 DEBUG (org.springframework.core.env.StandardEnvironment:109) - Adding [systemProperties] PropertySource with lowest search precedence
2019-05-06 11:12:39,093 DEBUG (org.springframework.core.env.StandardEnvironment:109) - Adding [systemProperties] PropertySource with lowest search precedence
2019-05-06 11:12:39,093 DEBUG (org.springframework.core.env.StandardEnvironment:109) - Adding [systemEnvironment] PropertySource with lowest search precedence
2019-05-06 11:12:39,093 DEBUG (org.springframework.core.env.StandardEnvironment:109) - Adding [systemEnvironment] PropertySource with lowest search precedence
2019-05-06 11:12:39,094 DEBUG (org.springframework.core.env.StandardEnvironment:127) - Initialized StandardEnvironment with PropertySources [systemProperties,systemEnvironment]
2019-05-06 11:12:39,094 DEBUG (org.springframework.core.env.StandardEnvironment:127) - Initialized StandardEnvironment with PropertySources [systemProperties,systemEnvironment]
2019-05-06 11:12:39,095 DEBUG (org.springframework.core.io.support.PathMatchingResourcePatternResolver:631) - Looking for matching resources in directory tree [/Users/eugeneyoung/Downloads/ubuntu/GitHub/zero-xml-forum/forum/forum1/build/classes/java/test/com/smart/service]
2019-05-06 11:12:39,095 DEBUG (org.springframework.core.io.support.PathMatchingResourcePatternResolver:631) - Looking for matching resources in directory tree [/Users/eugeneyoung/Downloads/ubuntu/GitHub/zero-xml-forum/forum/forum1/build/classes/java/test/com/smart/service]
2019-05-06 11:12:39,095 DEBUG (org.springframework.core.io.support.PathMatchingResourcePatternResolver:693) - Searching directory [/Users/eugeneyoung/Downloads/ubuntu/GitHub/zero-xml-forum/forum/forum1/build/classes/java/test/com/smart/service] for files matching pattern [/Users/eugeneyoung/Downloads/ubuntu/GitHub/zero-xml-forum/forum/forum1/build/classes/java/test/com/smart/service/**/*.class]
2019-05-06 11:12:39,095 DEBUG (org.springframework.core.io.support.PathMatchingResourcePatternResolver:693) - Searching directory [/Users/eugeneyoung/Downloads/ubuntu/GitHub/zero-xml-forum/forum/forum1/build/classes/java/test/com/smart/service] for files matching pattern [/Users/eugeneyoung/Downloads/ubuntu/GitHub/zero-xml-forum/forum/forum1/build/classes/java/test/com/smart/service/**/*.class]
2019-05-06 11:12:39,096 DEBUG (org.springframework.core.io.support.PathMatchingResourcePatternResolver:631) - Looking for matching resources in directory tree [/Users/eugeneyoung/Downloads/ubuntu/GitHub/zero-xml-forum/forum/forum1/build/classes/java/main/com/smart/service]
2019-05-06 11:12:39,096 DEBUG (org.springframework.core.io.support.PathMatchingResourcePatternResolver:631) - Looking for matching resources in directory tree [/Users/eugeneyoung/Downloads/ubuntu/GitHub/zero-xml-forum/forum/forum1/build/classes/java/main/com/smart/service]
2019-05-06 11:12:39,097 DEBUG (org.springframework.core.io.support.PathMatchingResourcePatternResolver:693) - Searching directory [/Users/eugeneyoung/Downloads/ubuntu/GitHub/zero-xml-forum/forum/forum1/build/classes/java/main/com/smart/service] for files matching pattern [/Users/eugeneyoung/Downloads/ubuntu/GitHub/zero-xml-forum/forum/forum1/build/classes/java/main/com/smart/service/**/*.class]
2019-05-06 11:12:39,097 DEBUG (org.springframework.core.io.support.PathMatchingResourcePatternResolver:693) - Searching directory [/Users/eugeneyoung/Downloads/ubuntu/GitHub/zero-xml-forum/forum/forum1/build/classes/java/main/com/smart/service] for files matching pattern [/Users/eugeneyoung/Downloads/ubuntu/GitHub/zero-xml-forum/forum/forum1/build/classes/java/main/com/smart/service/**/*.class]
2019-05-06 11:12:39,097 DEBUG (org.springframework.core.io.support.PathMatchingResourcePatternResolver:424) - Resolved location pattern [classpath*:com/smart/service/**/*.class] to resources [file [/Users/eugeneyoung/Downloads/ubuntu/GitHub/zero-xml-forum/forum/forum1/build/classes/java/test/com/smart/service/BaseService.class], file [/Users/eugeneyoung/Downloads/ubuntu/GitHub/zero-xml-forum/forum/forum1/build/classes/java/test/com/smart/service/UserServiceTest$1.class], file [/Users/eugeneyoung/Downloads/ubuntu/GitHub/zero-xml-forum/forum/forum1/build/classes/java/test/com/smart/service/UserServiceTest.class], file [/Users/eugeneyoung/Downloads/ubuntu/GitHub/zero-xml-forum/forum/forum1/build/classes/java/test/com/smart/service/UserServiceTest2.class], file [/Users/eugeneyoung/Downloads/ubuntu/GitHub/zero-xml-forum/forum/forum1/build/classes/java/main/com/smart/service/ForumService.class], file [/Users/eugeneyoung/Downloads/ubuntu/GitHub/zero-xml-forum/forum/forum1/build/classes/java/main/com/smart/service/UserService.class]]
2019-05-06 11:12:39,097 DEBUG (org.springframework.core.io.support.PathMatchingResourcePatternResolver:424) - Resolved location pattern [classpath*:com/smart/service/**/*.class] to resources [file [/Users/eugeneyoung/Downloads/ubuntu/GitHub/zero-xml-forum/forum/forum1/build/classes/java/test/com/smart/service/BaseService.class], file [/Users/eugeneyoung/Downloads/ubuntu/GitHub/zero-xml-forum/forum/forum1/build/classes/java/test/com/smart/service/UserServiceTest$1.class], file [/Users/eugeneyoung/Downloads/ubuntu/GitHub/zero-xml-forum/forum/forum1/build/classes/java/test/com/smart/service/UserServiceTest.class], file [/Users/eugeneyoung/Downloads/ubuntu/GitHub/zero-xml-forum/forum/forum1/build/classes/java/test/com/smart/service/UserServiceTest2.class], file [/Users/eugeneyoung/Downloads/ubuntu/GitHub/zero-xml-forum/forum/forum1/build/classes/java/main/com/smart/service/ForumService.class], file [/Users/eugeneyoung/Downloads/ubuntu/GitHub/zero-xml-forum/forum/forum1/build/classes/java/main/com/smart/service/UserService.class]]
2019-05-06 11:12:39,099 DEBUG (org.springframework.context.annotation.ClassPathBeanDefinitionScanner:286) - Identified candidate component class: file [/Users/eugeneyoung/Downloads/ubuntu/GitHub/zero-xml-forum/forum/forum1/build/classes/java/main/com/smart/service/ForumService.class]
2019-05-06 11:12:39,099 DEBUG (org.springframework.context.annotation.ClassPathBeanDefinitionScanner:286) - Identified candidate component class: file [/Users/eugeneyoung/Downloads/ubuntu/GitHub/zero-xml-forum/forum/forum1/build/classes/java/main/com/smart/service/ForumService.class]
2019-05-06 11:12:39,100 DEBUG (org.springframework.context.annotation.ClassPathBeanDefinitionScanner:286) - Identified candidate component class: file [/Users/eugeneyoung/Downloads/ubuntu/GitHub/zero-xml-forum/forum/forum1/build/classes/java/main/com/smart/service/UserService.class]
2019-05-06 11:12:39,100 DEBUG (org.springframework.context.annotation.ClassPathBeanDefinitionScanner:286) - Identified candidate component class: file [/Users/eugeneyoung/Downloads/ubuntu/GitHub/zero-xml-forum/forum/forum1/build/classes/java/main/com/smart/service/UserService.class]
2019-05-06 11:12:39,122 DEBUG (org.springframework.context.annotation.ConfigurationClassBeanDefinitionReader:164) - Registered bean definition for imported class 'org.springframework.transaction.annotation.ProxyTransactionManagementConfiguration'
2019-05-06 11:12:39,122 DEBUG (org.springframework.context.annotation.ConfigurationClassBeanDefinitionReader:164) - Registered bean definition for imported class 'org.springframework.transaction.annotation.ProxyTransactionManagementConfiguration'
2019-05-06 11:12:39,123 DEBUG (org.springframework.context.annotation.ConfigurationClassBeanDefinitionReader:256) - Registering bean definition for @Bean method org.springframework.transaction.annotation.ProxyTransactionManagementConfiguration.org.springframework.transaction.config.internalTransactionAdvisor()
2019-05-06 11:12:39,123 DEBUG (org.springframework.context.annotation.ConfigurationClassBeanDefinitionReader:256) - Registering bean definition for @Bean method org.springframework.transaction.annotation.ProxyTransactionManagementConfiguration.org.springframework.transaction.config.internalTransactionAdvisor()
2019-05-06 11:12:39,123 DEBUG (org.springframework.context.annotation.ConfigurationClassBeanDefinitionReader:256) - Registering bean definition for @Bean method org.springframework.transaction.annotation.ProxyTransactionManagementConfiguration.transactionAttributeSource()
2019-05-06 11:12:39,123 DEBUG (org.springframework.context.annotation.ConfigurationClassBeanDefinitionReader:256) - Registering bean definition for @Bean method org.springframework.transaction.annotation.ProxyTransactionManagementConfiguration.transactionAttributeSource()
2019-05-06 11:12:39,123 DEBUG (org.springframework.context.annotation.ConfigurationClassBeanDefinitionReader:256) - Registering bean definition for @Bean method org.springframework.transaction.annotation.ProxyTransactionManagementConfiguration.transactionInterceptor()
2019-05-06 11:12:39,123 DEBUG (org.springframework.context.annotation.ConfigurationClassBeanDefinitionReader:256) - Registering bean definition for @Bean method org.springframework.transaction.annotation.ProxyTransactionManagementConfiguration.transactionInterceptor()
2019-05-06 11:12:39,124 DEBUG (org.springframework.context.annotation.ConfigurationClassBeanDefinitionReader:256) - Registering bean definition for @Bean method org.springframework.transaction.annotation.ProxyTransactionManagementConfiguration.org.springframework.transaction.config.internalTransactionalEventListenerFactory()
2019-05-06 11:12:39,124 DEBUG (org.springframework.context.annotation.ConfigurationClassBeanDefinitionReader:256) - Registering bean definition for @Bean method org.springframework.transaction.annotation.ProxyTransactionManagementConfiguration.org.springframework.transaction.config.internalTransactionalEventListenerFactory()
2019-05-06 11:12:39,124 DEBUG (org.springframework.context.annotation.ConfigurationClassBeanDefinitionReader:256) - Registering bean definition for @Bean method com.smart.config.DaoConfig.dataSource()
2019-05-06 11:12:39,124 DEBUG (org.springframework.context.annotation.ConfigurationClassBeanDefinitionReader:256) - Registering bean definition for @Bean method com.smart.config.DaoConfig.dataSource()
2019-05-06 11:12:39,125 DEBUG (org.springframework.context.annotation.ConfigurationClassBeanDefinitionReader:256) - Registering bean definition for @Bean method com.smart.config.DaoConfig.localSessionFactoryBean()
2019-05-06 11:12:39,125 DEBUG (org.springframework.context.annotation.ConfigurationClassBeanDefinitionReader:256) - Registering bean definition for @Bean method com.smart.config.DaoConfig.localSessionFactoryBean()
2019-05-06 11:12:39,125 DEBUG (org.springframework.context.annotation.ConfigurationClassBeanDefinitionReader:256) - Registering bean definition for @Bean method com.smart.config.DaoConfig.sessionFactory()
2019-05-06 11:12:39,125 DEBUG (org.springframework.context.annotation.ConfigurationClassBeanDefinitionReader:256) - Registering bean definition for @Bean method com.smart.config.DaoConfig.sessionFactory()
2019-05-06 11:12:39,126 DEBUG (org.springframework.context.annotation.ConfigurationClassBeanDefinitionReader:256) - Registering bean definition for @Bean method com.smart.config.DaoConfig.hibernateTemplate()
2019-05-06 11:12:39,126 DEBUG (org.springframework.context.annotation.ConfigurationClassBeanDefinitionReader:256) - Registering bean definition for @Bean method com.smart.config.DaoConfig.hibernateTemplate()
2019-05-06 11:12:39,127 DEBUG (org.springframework.context.annotation.ConfigurationClassBeanDefinitionReader:256) - Registering bean definition for @Bean method com.smart.config.DaoConfig.hibernateTransactionManager()
2019-05-06 11:12:39,127 DEBUG (org.springframework.context.annotation.ConfigurationClassBeanDefinitionReader:256) - Registering bean definition for @Bean method com.smart.config.DaoConfig.hibernateTransactionManager()
2019-05-06 11:12:39,128 DEBUG (org.springframework.context.annotation.ConfigurationClassBeanDefinitionReader:164) - Registered bean definition for imported class 'org.springframework.cache.annotation.ProxyCachingConfiguration'
2019-05-06 11:12:39,128 DEBUG (org.springframework.context.annotation.ConfigurationClassBeanDefinitionReader:164) - Registered bean definition for imported class 'org.springframework.cache.annotation.ProxyCachingConfiguration'
2019-05-06 11:12:39,129 DEBUG (org.springframework.context.annotation.ConfigurationClassBeanDefinitionReader:256) - Registering bean definition for @Bean method org.springframework.cache.annotation.ProxyCachingConfiguration.org.springframework.cache.config.internalCacheAdvisor()
2019-05-06 11:12:39,129 DEBUG (org.springframework.context.annotation.ConfigurationClassBeanDefinitionReader:256) - Registering bean definition for @Bean method org.springframework.cache.annotation.ProxyCachingConfiguration.org.springframework.cache.config.internalCacheAdvisor()
2019-05-06 11:12:39,131 DEBUG (org.springframework.context.annotation.ConfigurationClassBeanDefinitionReader:256) - Registering bean definition for @Bean method org.springframework.cache.annotation.ProxyCachingConfiguration.cacheOperationSource()
2019-05-06 11:12:39,131 DEBUG (org.springframework.context.annotation.ConfigurationClassBeanDefinitionReader:256) - Registering bean definition for @Bean method org.springframework.cache.annotation.ProxyCachingConfiguration.cacheOperationSource()
2019-05-06 11:12:39,133 DEBUG (org.springframework.context.annotation.ConfigurationClassBeanDefinitionReader:256) - Registering bean definition for @Bean method org.springframework.cache.annotation.ProxyCachingConfiguration.cacheInterceptor()
2019-05-06 11:12:39,133 DEBUG (org.springframework.context.annotation.ConfigurationClassBeanDefinitionReader:256) - Registering bean definition for @Bean method org.springframework.cache.annotation.ProxyCachingConfiguration.cacheInterceptor()
2019-05-06 11:12:39,134 DEBUG (org.springframework.context.annotation.ConfigurationClassBeanDefinitionReader:256) - Registering bean definition for @Bean method com.smart.config.ServiceConfig.hibernateTransactionManager()
2019-05-06 11:12:39,134 DEBUG (org.springframework.context.annotation.ConfigurationClassBeanDefinitionReader:256) - Registering bean definition for @Bean method com.smart.config.ServiceConfig.hibernateTransactionManager()
2019-05-06 11:12:39,135  INFO (org.springframework.beans.factory.support.DefaultListableBeanFactory:839) - Overriding bean definition for bean 'hibernateTransactionManager' with a different definition: replacing [Root bean: class [null]; scope=; abstract=false; lazyInit=false; autowireMode=3; dependencyCheck=0; autowireCandidate=true; primary=false; factoryBeanName=daoConfig; factoryMethodName=hibernateTransactionManager; initMethodName=null; destroyMethodName=(inferred); defined in com.smart.config.DaoConfig] with [Root bean: class [null]; scope=; abstract=false; lazyInit=false; autowireMode=3; dependencyCheck=0; autowireCandidate=true; primary=false; factoryBeanName=serviceConfig; factoryMethodName=hibernateTransactionManager; initMethodName=null; destroyMethodName=(inferred); defined in com.smart.config.ServiceConfig]
2019-05-06 11:12:39,135  INFO (org.springframework.beans.factory.support.DefaultListableBeanFactory:839) - Overriding bean definition for bean 'hibernateTransactionManager' with a different definition: replacing [Root bean: class [null]; scope=; abstract=false; lazyInit=false; autowireMode=3; dependencyCheck=0; autowireCandidate=true; primary=false; factoryBeanName=daoConfig; factoryMethodName=hibernateTransactionManager; initMethodName=null; destroyMethodName=(inferred); defined in com.smart.config.DaoConfig] with [Root bean: class [null]; scope=; abstract=false; lazyInit=false; autowireMode=3; dependencyCheck=0; autowireCandidate=true; primary=false; factoryBeanName=serviceConfig; factoryMethodName=hibernateTransactionManager; initMethodName=null; destroyMethodName=(inferred); defined in com.smart.config.ServiceConfig]
2019-05-06 11:12:39,136 DEBUG (org.springframework.context.annotation.ConfigurationClassBeanDefinitionReader:256) - Registering bean definition for @Bean method com.smart.config.ServiceConfig.cacheManager()
2019-05-06 11:12:39,136 DEBUG (org.springframework.context.annotation.ConfigurationClassBeanDefinitionReader:256) - Registering bean definition for @Bean method com.smart.config.ServiceConfig.cacheManager()
2019-05-06 11:12:39,136 DEBUG (org.springframework.context.annotation.ConfigurationClassBeanDefinitionReader:256) - Registering bean definition for @Bean method com.smart.config.ServiceConfig.requestMappingHandlerAdapter()
2019-05-06 11:12:39,136 DEBUG (org.springframework.context.annotation.ConfigurationClassBeanDefinitionReader:256) - Registering bean definition for @Bean method com.smart.config.ServiceConfig.requestMappingHandlerAdapter()
2019-05-06 11:12:39,137 DEBUG (org.springframework.context.annotation.ConfigurationClassBeanDefinitionReader:256) - Registering bean definition for @Bean method com.smart.config.ServiceConfig.ehCacheManagerFactoryBean()
2019-05-06 11:12:39,137 DEBUG (org.springframework.context.annotation.ConfigurationClassBeanDefinitionReader:256) - Registering bean definition for @Bean method com.smart.config.ServiceConfig.ehCacheManagerFactoryBean()
2019-05-06 11:12:39,141 DEBUG (org.springframework.context.annotation.ConfigurationClassEnhancer:111) - Successfully enhanced com.smart.config.DaoConfig; enhanced class name is: com.smart.config.DaoConfig$$EnhancerBySpringCGLIB$$b4546b24
2019-05-06 11:12:39,141 DEBUG (org.springframework.context.annotation.ConfigurationClassEnhancer:111) - Successfully enhanced com.smart.config.DaoConfig; enhanced class name is: com.smart.config.DaoConfig$$EnhancerBySpringCGLIB$$b4546b24
2019-05-06 11:12:39,142 DEBUG (org.springframework.context.annotation.ConfigurationClassPostProcessor:403) - Replacing bean definition 'daoConfig' existing class name 'com.smart.config.DaoConfig' with enhanced class name 'com.smart.config.DaoConfig$$EnhancerBySpringCGLIB$$b4546b24'
2019-05-06 11:12:39,142 DEBUG (org.springframework.context.annotation.ConfigurationClassPostProcessor:403) - Replacing bean definition 'daoConfig' existing class name 'com.smart.config.DaoConfig' with enhanced class name 'com.smart.config.DaoConfig$$EnhancerBySpringCGLIB$$b4546b24'
2019-05-06 11:12:39,144 DEBUG (org.springframework.context.annotation.ConfigurationClassEnhancer:111) - Successfully enhanced com.smart.config.ServiceConfig; enhanced class name is: com.smart.config.ServiceConfig$$EnhancerBySpringCGLIB$$748ce07
2019-05-06 11:12:39,144 DEBUG (org.springframework.context.annotation.ConfigurationClassEnhancer:111) - Successfully enhanced com.smart.config.ServiceConfig; enhanced class name is: com.smart.config.ServiceConfig$$EnhancerBySpringCGLIB$$748ce07
2019-05-06 11:12:39,144 DEBUG (org.springframework.context.annotation.ConfigurationClassPostProcessor:403) - Replacing bean definition 'serviceConfig' existing class name 'com.smart.config.ServiceConfig' with enhanced class name 'com.smart.config.ServiceConfig$$EnhancerBySpringCGLIB$$748ce07'
2019-05-06 11:12:39,144 DEBUG (org.springframework.context.annotation.ConfigurationClassPostProcessor:403) - Replacing bean definition 'serviceConfig' existing class name 'com.smart.config.ServiceConfig' with enhanced class name 'com.smart.config.ServiceConfig$$EnhancerBySpringCGLIB$$748ce07'
2019-05-06 11:12:39,145 DEBUG (org.springframework.context.annotation.ConfigurationClassEnhancer:111) - Successfully enhanced org.springframework.transaction.annotation.ProxyTransactionManagementConfiguration; enhanced class name is: org.springframework.transaction.annotation.ProxyTransactionManagementConfiguration$$EnhancerBySpringCGLIB$$123d6c25
2019-05-06 11:12:39,145 DEBUG (org.springframework.context.annotation.ConfigurationClassEnhancer:111) - Successfully enhanced org.springframework.transaction.annotation.ProxyTransactionManagementConfiguration; enhanced class name is: org.springframework.transaction.annotation.ProxyTransactionManagementConfiguration$$EnhancerBySpringCGLIB$$123d6c25
2019-05-06 11:12:39,145 DEBUG (org.springframework.context.annotation.ConfigurationClassPostProcessor:403) - Replacing bean definition 'org.springframework.transaction.annotation.ProxyTransactionManagementConfiguration' existing class name 'org.springframework.transaction.annotation.ProxyTransactionManagementConfiguration' with enhanced class name 'org.springframework.transaction.annotation.ProxyTransactionManagementConfiguration$$EnhancerBySpringCGLIB$$123d6c25'
2019-05-06 11:12:39,145 DEBUG (org.springframework.context.annotation.ConfigurationClassPostProcessor:403) - Replacing bean definition 'org.springframework.transaction.annotation.ProxyTransactionManagementConfiguration' existing class name 'org.springframework.transaction.annotation.ProxyTransactionManagementConfiguration' with enhanced class name 'org.springframework.transaction.annotation.ProxyTransactionManagementConfiguration$$EnhancerBySpringCGLIB$$123d6c25'
2019-05-06 11:12:39,149 DEBUG (org.springframework.context.annotation.ConfigurationClassEnhancer:111) - Successfully enhanced org.springframework.cache.annotation.ProxyCachingConfiguration; enhanced class name is: org.springframework.cache.annotation.ProxyCachingConfiguration$$EnhancerBySpringCGLIB$$799b3683
2019-05-06 11:12:39,149 DEBUG (org.springframework.context.annotation.ConfigurationClassEnhancer:111) - Successfully enhanced org.springframework.cache.annotation.ProxyCachingConfiguration; enhanced class name is: org.springframework.cache.annotation.ProxyCachingConfiguration$$EnhancerBySpringCGLIB$$799b3683
2019-05-06 11:12:39,150 DEBUG (org.springframework.context.annotation.ConfigurationClassPostProcessor:403) - Replacing bean definition 'org.springframework.cache.annotation.ProxyCachingConfiguration' existing class name 'org.springframework.cache.annotation.ProxyCachingConfiguration' with enhanced class name 'org.springframework.cache.annotation.ProxyCachingConfiguration$$EnhancerBySpringCGLIB$$799b3683'
2019-05-06 11:12:39,150 DEBUG (org.springframework.context.annotation.ConfigurationClassPostProcessor:403) - Replacing bean definition 'org.springframework.cache.annotation.ProxyCachingConfiguration' existing class name 'org.springframework.cache.annotation.ProxyCachingConfiguration' with enhanced class name 'org.springframework.cache.annotation.ProxyCachingConfiguration$$EnhancerBySpringCGLIB$$799b3683'
2019-05-06 11:12:39,151 DEBUG (org.springframework.beans.factory.support.DefaultListableBeanFactory:221) - Creating shared instance of singleton bean 'org.springframework.context.annotation.internalAutowiredAnnotationProcessor'
2019-05-06 11:12:39,151 DEBUG (org.springframework.beans.factory.support.DefaultListableBeanFactory:221) - Creating shared instance of singleton bean 'org.springframework.context.annotation.internalAutowiredAnnotationProcessor'
2019-05-06 11:12:39,151 DEBUG (org.springframework.beans.factory.support.DefaultListableBeanFactory:448) - Creating instance of bean 'org.springframework.context.annotation.internalAutowiredAnnotationProcessor'
2019-05-06 11:12:39,151 DEBUG (org.springframework.beans.factory.support.DefaultListableBeanFactory:448) - Creating instance of bean 'org.springframework.context.annotation.internalAutowiredAnnotationProcessor'
2019-05-06 11:12:39,152 DEBUG (org.springframework.beans.factory.support.DefaultListableBeanFactory:529) - Eagerly caching bean 'org.springframework.context.annotation.internalAutowiredAnnotationProcessor' to allow for resolving potential circular references
2019-05-06 11:12:39,152 DEBUG (org.springframework.beans.factory.support.DefaultListableBeanFactory:529) - Eagerly caching bean 'org.springframework.context.annotation.internalAutowiredAnnotationProcessor' to allow for resolving potential circular references
[...]
	at org.springframework.beans.factory.annotation.AutowiredAnnotationBeanPostProcessor.postProcessPropertyValues(AutowiredAnnotationBeanPostProcessor.java:334)
	at org.springframework.beans.factory.support.AbstractAutowireCapableBeanFactory.populateBean(AbstractAutowireCapableBeanFactory.java:1214)
	at org.springframework.beans.factory.support.AbstractAutowireCapableBeanFactory.doCreateBean(AbstractAutowireCapableBeanFactory.java:543)
	at org.springframework.beans.factory.support.AbstractAutowireCapableBeanFactory.createBean(AbstractAutowireCapableBeanFactory.java:482)
	at org.springframework.beans.factory.support.AbstractBeanFactory$1.getObject(AbstractBeanFactory.java:305)
	at org.springframework.beans.factory.support.DefaultSingletonBeanRegistry.getSingleton(DefaultSingletonBeanRegistry.java:230)
	at org.springframework.beans.factory.support.AbstractBeanFactory.doGetBean(AbstractBeanFactory.java:301)
	at org.springframework.beans.factory.support.AbstractBeanFactory.getBean(AbstractBeanFactory.java:196)
	at org.springframework.beans.factory.support.DefaultListableBeanFactory.preInstantiateSingletons(DefaultListableBeanFactory.java:772)
	at org.springframework.context.support.AbstractApplicationContext.finishBeanFactoryInitialization(AbstractApplicationContext.java:835)
	at org.springframework.context.support.AbstractApplicationContext.refresh(AbstractApplicationContext.java:537)
	at org.springframework.test.context.support.AbstractGenericContextLoader.loadContext(AbstractGenericContextLoader.java:125)
	at org.springframework.test.context.support.AbstractGenericContextLoader.loadContext(AbstractGenericContextLoader.java:60)
	at org.springframework.test.context.support.AbstractDelegatingSmartContextLoader.delegateLoading(AbstractDelegatingSmartContextLoader.java:109)
	at org.springframework.test.context.support.AbstractDelegatingSmartContextLoader.loadContext(AbstractDelegatingSmartContextLoader.java:261)
	at org.springframework.test.context.cache.DefaultCacheAwareContextLoaderDelegate.loadContextInternal(DefaultCacheAwareContextLoaderDelegate.java:98)
	at org.springframework.test.context.cache.DefaultCacheAwareContextLoaderDelegate.loadContext(DefaultCacheAwareContextLoaderDelegate.java:116)
	... 49 more
Caused by: org.springframework.beans.factory.BeanCreationException: Could not autowire method: public void com.smart.dao.BaseDao.setHibernateTemplate(org.springframework.orm.hibernate4.HibernateTemplate); nested exception is org.springframework.beans.factory.BeanCreationException: Error creating bean with name 'hibernateTemplate' defined in com.smart.config.DaoConfig: Bean instantiation via factory method failed; nested exception is org.springframework.beans.BeanInstantiationException: Failed to instantiate [org.springframework.orm.hibernate4.HibernateTemplate]: Factory method 'hibernateTemplate' threw exception; nested exception is org.springframework.beans.factory.BeanCreationException: Error creating bean with name 'sessionFactory' defined in com.smart.config.DaoConfig: Bean instantiation via factory method failed; nested exception is org.springframework.beans.BeanInstantiationException: Failed to instantiate [org.hibernate.SessionFactory]: Factory method 'sessionFactory' threw exception; nested exception is org.springframework.beans.factory.BeanCreationException: Error creating bean with name 'localSessionFactoryBean' defined in com.smart.config.DaoConfig: Invocation of init method failed; nested exception is org.hibernate.service.spi.ServiceException: Unable to create requested service [org.hibernate.engine.spi.CacheImplementor]
	at org.springframework.beans.factory.annotation.AutowiredAnnotationBeanPostProcessor$AutowiredMethodElement.inject(AutowiredAnnotationBeanPostProcessor.java:659)
	at org.springframework.beans.factory.annotation.InjectionMetadata.inject(InjectionMetadata.java:88)
	at org.springframework.beans.factory.annotation.AutowiredAnnotationBeanPostProcessor.postProcessPropertyValues(AutowiredAnnotationBeanPostProcessor.java:331)
	... 65 more
Caused by: org.springframework.beans.factory.BeanCreationException: Error creating bean with name 'hibernateTemplate' defined in com.smart.config.DaoConfig: Bean instantiation via factory method failed; nested exception is org.springframework.beans.BeanInstantiationException: Failed to instantiate [org.springframework.orm.hibernate4.HibernateTemplate]: Factory method 'hibernateTemplate' threw exception; nested exception is org.springframework.beans.factory.BeanCreationException: Error creating bean with name 'sessionFactory' defined in com.smart.config.DaoConfig: Bean instantiation via factory method failed; nested exception is org.springframework.beans.BeanInstantiationException: Failed to instantiate [org.hibernate.SessionFactory]: Factory method 'sessionFactory' threw exception; nested exception is org.springframework.beans.factory.BeanCreationException: Error creating bean with name 'localSessionFactoryBean' defined in com.smart.config.DaoConfig: Invocation of init method failed; nested exception is org.hibernate.service.spi.ServiceException: Unable to create requested service [org.hibernate.engine.spi.CacheImplementor]
	at org.springframework.beans.factory.support.ConstructorResolver.instantiateUsingFactoryMethod(ConstructorResolver.java:599)
	at org.springframework.beans.factory.support.AbstractAutowireCapableBeanFactory.instantiateUsingFactoryMethod(AbstractAutowireCapableBeanFactory.java:1123)
	at org.springframework.beans.factory.support.AbstractAutowireCapableBeanFactory.createBeanInstance(AbstractAutowireCapableBeanFactory.java:1018)
	at org.springframework.beans.factory.support.AbstractAutowireCapableBeanFactory.doCreateBean(AbstractAutowireCapableBeanFactory.java:510)
	at org.springframework.beans.factory.support.AbstractAutowireCapableBeanFactory.createBean(AbstractAutowireCapableBeanFactory.java:482)
	at org.springframework.beans.factory.support.AbstractBeanFactory$1.getObject(AbstractBeanFactory.java:305)
	at org.springframework.beans.factory.support.DefaultSingletonBeanRegistry.getSingleton(DefaultSingletonBeanRegistry.java:230)
	at org.springframework.beans.factory.support.AbstractBeanFactory.doGetBean(AbstractBeanFactory.java:301)
	at org.springframework.beans.factory.support.AbstractBeanFactory.getBean(AbstractBeanFactory.java:196)
	at org.springframework.beans.factory.support.DefaultListableBeanFactory.findAutowireCandidates(DefaultListableBeanFactory.java:1192)
	at org.springframework.beans.factory.support.DefaultListableBeanFactory.doResolveDependency(DefaultListableBeanFactory.java:1116)
	at org.springframework.beans.factory.support.DefaultListableBeanFactory.resolveDependency(DefaultListableBeanFactory.java:1014)
	at org.springframework.beans.factory.annotation.AutowiredAnnotationBeanPostProcessor$AutowiredMethodElement.inject(AutowiredAnnotationBeanPostProcessor.java:616)
	... 67 more
Caused by: org.springframework.beans.BeanInstantiationException: Failed to instantiate [org.springframework.orm.hibernate4.HibernateTemplate]: Factory method 'hibernateTemplate' threw exception; nested exception is org.springframework.beans.factory.BeanCreationException: Error creating bean with name 'sessionFactory' defined in com.smart.config.DaoConfig: Bean instantiation via factory method failed; nested exception is org.springframework.beans.BeanInstantiationException: Failed to instantiate [org.hibernate.SessionFactory]: Factory method 'sessionFactory' threw exception; nested exception is org.springframework.beans.factory.BeanCreationException: Error creating bean with name 'localSessionFactoryBean' defined in com.smart.config.DaoConfig: Invocation of init method failed; nested exception is org.hibernate.service.spi.ServiceException: Unable to create requested service [org.hibernate.engine.spi.CacheImplementor]
	at org.springframework.beans.factory.support.SimpleInstantiationStrategy.instantiate(SimpleInstantiationStrategy.java:189)
	at org.springframework.beans.factory.support.ConstructorResolver.instantiateUsingFactoryMethod(ConstructorResolver.java:588)
	... 79 more
Caused by: org.springframework.beans.factory.BeanCreationException: Error creating bean with name 'sessionFactory' defined in com.smart.config.DaoConfig: Bean instantiation via factory method failed; nested exception is org.springframework.beans.BeanInstantiationException: Failed to instantiate [org.hibernate.SessionFactory]: Factory method 'sessionFactory' threw exception; nested exception is org.springframework.beans.factory.BeanCreationException: Error creating bean with name 'localSessionFactoryBean' defined in com.smart.config.DaoConfig: Invocation of init method failed; nested exception is org.hibernate.service.spi.ServiceException: Unable to create requested service [org.hibernate.engine.spi.CacheImplementor]
	at org.springframework.beans.factory.support.ConstructorResolver.instantiateUsingFactoryMethod(ConstructorResolver.java:599)
	at org.springframework.beans.factory.support.AbstractAutowireCapableBeanFactory.instantiateUsingFactoryMethod(AbstractAutowireCapableBeanFactory.java:1123)
	at org.springframework.beans.factory.support.AbstractAutowireCapableBeanFactory.createBeanInstance(AbstractAutowireCapableBeanFactory.java:1018)
	at org.springframework.beans.factory.support.AbstractAutowireCapableBeanFactory.doCreateBean(AbstractAutowireCapableBeanFactory.java:510)
	at org.springframework.beans.factory.support.AbstractAutowireCapableBeanFactory.createBean(AbstractAutowireCapableBeanFactory.java:482)
	at org.springframework.beans.factory.support.AbstractBeanFactory$1.getObject(AbstractBeanFactory.java:305)
	at org.springframework.beans.factory.support.DefaultSingletonBeanRegistry.getSingleton(DefaultSingletonBeanRegistry.java:230)
	at org.springframework.beans.factory.support.AbstractBeanFactory.doGetBean(AbstractBeanFactory.java:301)
	at org.springframework.beans.factory.support.AbstractBeanFactory.getBean(AbstractBeanFactory.java:196)
	at org.springframework.context.annotation.ConfigurationClassEnhancer$BeanMethodInterceptor.intercept(ConfigurationClassEnhancer.java:331)
	at com.smart.config.DaoConfig$$EnhancerBySpringCGLIB$$b4546b24.sessionFactory(<generated>)
	at com.smart.config.DaoConfig.hibernateTemplate(DaoConfig.java:66)
	at com.smart.config.DaoConfig$$EnhancerBySpringCGLIB$$b4546b24.CGLIB$hibernateTemplate$3(<generated>)
	at com.smart.config.DaoConfig$$EnhancerBySpringCGLIB$$b4546b24$$FastClassBySpringCGLIB$$ff37ed1e.invoke(<generated>)
	at org.springframework.cglib.proxy.MethodProxy.invokeSuper(MethodProxy.java:228)
	at org.springframework.context.annotation.ConfigurationClassEnhancer$BeanMethodInterceptor.intercept(ConfigurationClassEnhancer.java:318)
	at com.smart.config.DaoConfig$$EnhancerBySpringCGLIB$$b4546b24.hibernateTemplate(<generated>)
	at sun.reflect.NativeMethodAccessorImpl.invoke0(Native Method)
	at sun.reflect.NativeMethodAccessorImpl.invoke(NativeMethodAccessorImpl.java:62)
	at sun.reflect.DelegatingMethodAccessorImpl.invoke(DelegatingMethodAccessorImpl.java:43)
	at java.lang.reflect.Method.invoke(Method.java:498)
	at org.springframework.beans.factory.support.SimpleInstantiationStrategy.instantiate(SimpleInstantiationStrategy.java:162)
	... 80 more
Caused by: org.springframework.beans.BeanInstantiationException: Failed to instantiate [org.hibernate.SessionFactory]: Factory method 'sessionFactory' threw exception; nested exception is org.springframework.beans.factory.BeanCreationException: Error creating bean with name 'localSessionFactoryBean' defined in com.smart.config.DaoConfig: Invocation of init method failed; nested exception is org.hibernate.service.spi.ServiceException: Unable to create requested service [org.hibernate.engine.spi.CacheImplementor]
	at org.springframework.beans.factory.support.SimpleInstantiationStrategy.instantiate(SimpleInstantiationStrategy.java:189)
	at org.springframework.beans.factory.support.ConstructorResolver.instantiateUsingFactoryMethod(ConstructorResolver.java:588)
	... 101 more
Caused by: org.springframework.beans.factory.BeanCreationException: Error creating bean with name 'localSessionFactoryBean' defined in com.smart.config.DaoConfig: Invocation of init method failed; nested exception is org.hibernate.service.spi.ServiceException: Unable to create requested service [org.hibernate.engine.spi.CacheImplementor]
	at org.springframework.beans.factory.support.AbstractAutowireCapableBeanFactory.initializeBean(AbstractAutowireCapableBeanFactory.java:1578)
	at org.springframework.beans.factory.support.AbstractAutowireCapableBeanFactory.doCreateBean(AbstractAutowireCapableBeanFactory.java:545)
	at org.springframework.beans.factory.support.AbstractAutowireCapableBeanFactory.createBean(AbstractAutowireCapableBeanFactory.java:482)
	at org.springframework.beans.factory.support.AbstractBeanFactory$1.getObject(AbstractBeanFactory.java:305)
	at org.springframework.beans.factory.support.DefaultSingletonBeanRegistry.getSingleton(DefaultSingletonBeanRegistry.java:230)
	at org.springframework.beans.factory.support.AbstractBeanFactory.doGetBean(AbstractBeanFactory.java:301)
	at org.springframework.beans.factory.support.AbstractBeanFactory.getBean(AbstractBeanFactory.java:196)
	at org.springframework.context.annotation.ConfigurationClassEnhancer$BeanMethodInterceptor.intercept(ConfigurationClassEnhancer.java:294)
	at com.smart.config.DaoConfig$$EnhancerBySpringCGLIB$$b4546b24.localSessionFactoryBean(<generated>)
	at com.smart.config.DaoConfig.sessionFactory(DaoConfig.java:60)
	at com.smart.config.DaoConfig$$EnhancerBySpringCGLIB$$b4546b24.CGLIB$sessionFactory$2(<generated>)
	at com.smart.config.DaoConfig$$EnhancerBySpringCGLIB$$b4546b24$$FastClassBySpringCGLIB$$ff37ed1e.invoke(<generated>)
	at org.springframework.cglib.proxy.MethodProxy.invokeSuper(MethodProxy.java:228)
	at org.springframework.context.annotation.ConfigurationClassEnhancer$BeanMethodInterceptor.intercept(ConfigurationClassEnhancer.java:318)
	at com.smart.config.DaoConfig$$EnhancerBySpringCGLIB$$b4546b24.sessionFactory(<generated>)
	at sun.reflect.NativeMethodAccessorImpl.invoke0(Native Method)
	at sun.reflect.NativeMethodAccessorImpl.invoke(NativeMethodAccessorImpl.java:62)
	at sun.reflect.DelegatingMethodAccessorImpl.invoke(DelegatingMethodAccessorImpl.java:43)
	at java.lang.reflect.Method.invoke(Method.java:498)
	at org.springframework.beans.factory.support.SimpleInstantiationStrategy.instantiate(SimpleInstantiationStrategy.java:162)
	... 102 more
Caused by: org.hibernate.service.spi.ServiceException: Unable to create requested service [org.hibernate.engine.spi.CacheImplementor]
	at org.hibernate.service.internal.AbstractServiceRegistryImpl.createService(AbstractServiceRegistryImpl.java:186)
	at org.hibernate.service.internal.AbstractServiceRegistryImpl.initializeService(AbstractServiceRegistryImpl.java:150)
	at org.hibernate.service.internal.AbstractServiceRegistryImpl.getService(AbstractServiceRegistryImpl.java:131)
	at org.hibernate.internal.SessionFactoryImpl.<init>(SessionFactoryImpl.java:264)
	at org.hibernate.cfg.Configuration.buildSessionFactory(Configuration.java:1750)
	at org.hibernate.cfg.Configuration.buildSessionFactory(Configuration.java:1788)
	at org.springframework.orm.hibernate4.LocalSessionFactoryBuilder.buildSessionFactory(LocalSessionFactoryBuilder.java:372)
	at org.springframework.orm.hibernate4.LocalSessionFactoryBean.buildSessionFactory(LocalSessionFactoryBean.java:454)
	at org.springframework.orm.hibernate4.LocalSessionFactoryBean.afterPropertiesSet(LocalSessionFactoryBean.java:439)
	at org.springframework.beans.factory.support.AbstractAutowireCapableBeanFactory.invokeInitMethods(AbstractAutowireCapableBeanFactory.java:1637)
	at org.springframework.beans.factory.support.AbstractAutowireCapableBeanFactory.initializeBean(AbstractAutowireCapableBeanFactory.java:1574)
	... 121 more
Caused by: org.hibernate.cache.CacheException: net.sf.ehcache.CacheException: Another unnamed CacheManager already exists in the same VM. Please provide unique names for each CacheManager in the config or do one of following:
1. Use one of the CacheManager.create() static factory methods to reuse same CacheManager with same name or create one if necessary
2. Shutdown the earlier cacheManager before creating new one with same name.
The source of the existing CacheManager is: DefaultConfigurationSource [ ehcache.xml or ehcache-failsafe.xml ]
	at org.hibernate.cache.ehcache.EhCacheRegionFactory.start(EhCacheRegionFactory.java:110)
	at org.hibernate.internal.CacheImpl.<init>(CacheImpl.java:70)
	at org.hibernate.engine.spi.CacheInitiator.initiateService(CacheInitiator.java:40)
	at org.hibernate.engine.spi.CacheInitiator.initiateService(CacheInitiator.java:35)
	at org.hibernate.service.internal.SessionFactoryServiceRegistryImpl.initiateService(SessionFactoryServiceRegistryImpl.java:91)
	at org.hibernate.service.internal.AbstractServiceRegistryImpl.createService(AbstractServiceRegistryImpl.java:176)
	... 131 more
Caused by: net.sf.ehcache.CacheException: Another unnamed CacheManager already exists in the same VM. Please provide unique names for each CacheManager in the config or do one of following:
1. Use one of the CacheManager.create() static factory methods to reuse same CacheManager with same name or create one if necessary
2. Shutdown the earlier cacheManager before creating new one with same name.
The source of the existing CacheManager is: DefaultConfigurationSource [ ehcache.xml or ehcache-failsafe.xml ]
	at net.sf.ehcache.CacheManager.assertNoCacheManagerExistsWithSameName(CacheManager.java:628)
	at net.sf.ehcache.CacheManager.init(CacheManager.java:392)
	at net.sf.ehcache.CacheManager.<init>(CacheManager.java:270)
	at org.hibernate.cache.ehcache.EhCacheRegionFactory.start(EhCacheRegionFactory.java:83)
	... 136 more
2019-05-06 11:12:39,385 DEBUG (org.springframework.test.context.support.AbstractDirtiesContextTestExecutionListener:141) - After test class: context [DefaultTestContext@36016463 testClass = UserServiceTest, testInstance = [null], testMethod = [null], testException = [null], mergedContextConfiguration = [MergedContextConfiguration@363cc0b8 testClass = UserServiceTest, locations = '{}', classes = '{class com.smart.config.DaoConfig, class com.smart.config.ServiceConfig}', contextInitializerClasses = '[]', activeProfiles = '{}', propertySourceLocations = '{}', propertySourceProperties = '{}', contextLoader = 'org.springframework.test.context.support.DelegatingSmartContextLoader', parent = [null]]], class annotated with @DirtiesContext [false] with mode [null].
2019-05-06 11:12:39,385 DEBUG (org.springframework.test.context.support.AbstractDirtiesContextTestExecutionListener:141) - After test class: context [DefaultTestContext@36016463 testClass = UserServiceTest, testInstance = [null], testMethod = [null], testException = [null], mergedContextConfiguration = [MergedContextConfiguration@363cc0b8 testClass = UserServiceTest, locations = '{}', classes = '{class com.smart.config.DaoConfig, class com.smart.config.ServiceConfig}', contextInitializerClasses = '[]', activeProfiles = '{}', propertySourceLocations = '{}', propertySourceProperties = '{}', contextLoader = 'org.springframework.test.context.support.DelegatingSmartContextLoader', parent = [null]]], class annotated with @DirtiesContext [false] with mode [null].
]]></system-out>
  <system-err><![CDATA[]]></system-err>
</testsuite>
